17:59:27 INFO  : Launching XSDB server: xsdb.bat -s C:/Xilinx/SDK/2015.2/scripts/xsdb/xsdb/xsdb-server.tcl
17:59:29 INFO  : Processing command line option -hwspec C:/xup/embedded/2015_2_zynq_labs/FinalProject/FinalProject.sdk/lab9winter2019part2I2CuartIP_wrapper.hdf.
17:59:30 INFO  : XSDB server has started successfully.
18:54:31 INFO  : Connected to target on host '127.0.0.1' and port '3121'.
18:54:31 INFO  : 'targets -set -filter {jtag_cable_name =~ "Digilent Zybo 210279758982A" && level==0} -index 1' command is executed.
18:54:32 INFO  : FPGA configured successfully with bitstream "C:/xup/embedded/2015_2_zynq_labs/FinalProject/FinalProject.sdk/lab9winter2019part2I2CuartIP_wrapper_hw_platform_0/lab9winter2019part2I2CuartIP_wrapper.bit"
18:54:46 INFO  : ps7_init is completed.
18:54:46 INFO  : ps7_post_config is completed.
18:54:46 INFO  : Processor reset is completed for ps7_cortexa9_0
18:56:03 INFO  : ps7_cortexa9_0 Processor is in use. Please stop existing Run or Debug sessions before launching.
18:56:06 INFO  : Processor reset is completed for ps7_cortexa9_0
18:57:06 INFO  : ps7_cortexa9_0 Processor is in use. Please stop existing Run or Debug sessions before launching.
18:57:08 INFO  : Processor reset is completed for ps7_cortexa9_0
18:59:34 INFO  : Processor reset is completed for ps7_cortexa9_0
18:59:40 INFO  : ps7_cortexa9_0 Processor is in use. Please stop existing Run or Debug sessions before launching.
18:59:44 INFO  : Processor reset is completed for ps7_cortexa9_0
19:03:16 INFO  : Processor reset is completed for ps7_cortexa9_0
19:03:23 INFO  : ps7_cortexa9_0 Processor is in use. Please stop existing Run or Debug sessions before launching.
19:03:25 INFO  : Processor reset is completed for ps7_cortexa9_0
19:03:57 INFO  : Processor reset is completed for ps7_cortexa9_0
19:06:17 INFO  : Processor reset is completed for ps7_cortexa9_0
19:08:03 INFO  : Processor reset is completed for ps7_cortexa9_0
19:09:28 INFO  : Connected to target on host '127.0.0.1' and port '3121'.
19:09:28 INFO  : 'targets -set -filter {jtag_cable_name =~ "Digilent Zybo 210279758982A" && level==0} -index 1' command is executed.
19:09:30 INFO  : FPGA configured successfully with bitstream "C:/xup/embedded/2015_2_zynq_labs/FinalProject/FinalProject.sdk/lab9winter2019part2I2CuartIP_wrapper_hw_platform_0/lab9winter2019part2I2CuartIP_wrapper.bit"
19:09:44 INFO  : Processor reset is completed for ps7_cortexa9_0
19:12:20 ERROR : Unexpected error while parsing XMD response ?: com.google.gson.JsonSyntaxException: com.google.gson.stream.MalformedJsonException: invalid number or unquoted string near 
19:14:44 INFO  : Launching XSDB server: xsdb.bat -s C:/Xilinx/SDK/2015.2/scripts/xsdb/xsdb/xsdb-server.tcl
19:14:46 INFO  : Processing command line option -hwspec C:/xup/embedded/2015_2_zynq_labs/FinalProject/FinalProject.sdk/lab9winter2019part2I2CuartIP_wrapper.hdf.
19:14:46 INFO  : XSDB server has started successfully.
19:14:48 INFO  : Checking for hwspec changes in the project lab9winter2019part2I2CuartIP_wrapper_hw_platform_0.
19:15:18 ERROR : Checking FPGA configuration failed..Connection to Board Failed


    Unknown Error Occured
    Cable is not connected to the host

19:15:18 ERROR : Unexpected error while launching program.
com.xilinx.sdk.targetmanager.TMException: Connection to Board Failed


    Unknown Error Occured
    Cable is not connected to the host

	at com.xilinx.sdk.targetmanager.internal.TM.isFPGAConfigured(TM.java:372)
	at com.xilinx.sdk.debug.core.XilinxAppLaunchConfigurationDelegate.isFpgaConfigured(XilinxAppLaunchConfigurationDelegate.java:381)
	at com.xilinx.sdk.debug.core.XilinxAppLaunchConfigurationDelegate.launch(XilinxAppLaunchConfigurationDelegate.java:290)
	at com.xilinx.sdk.debug.ui.XilinxAppLaunchDelegateWrapper.launch(XilinxAppLaunchDelegateWrapper.java:31)
	at org.eclipse.debug.internal.core.LaunchConfiguration.launch(LaunchConfiguration.java:858)
	at org.eclipse.debug.internal.core.LaunchConfiguration.launch(LaunchConfiguration.java:707)
	at org.eclipse.debug.internal.ui.DebugUIPlugin.buildAndLaunch(DebugUIPlugin.java:1018)
	at org.eclipse.debug.internal.ui.DebugUIPlugin$8.run(DebugUIPlugin.java:1222)
	at org.eclipse.core.internal.jobs.Worker.run(Worker.java:53)
19:15:42 INFO  : Connected to target on host '127.0.0.1' and port '3121'.
19:15:43 INFO  : 'targets -set -filter {jtag_cable_name =~ "Digilent Zybo 210279758982A" && level==0} -index 1' command is executed.
19:15:44 INFO  : FPGA configured successfully with bitstream "C:/xup/embedded/2015_2_zynq_labs/FinalProject/FinalProject.sdk/lab9winter2019part2I2CuartIP_wrapper_hw_platform_0/lab9winter2019part2I2CuartIP_wrapper.bit"
19:15:53 INFO  : ps7_init is completed.
19:15:53 INFO  : ps7_post_config is completed.
19:15:54 INFO  : Processor reset is completed for ps7_cortexa9_0
19:19:40 INFO  : ps7_cortexa9_0 Processor is in use. Please stop existing Run or Debug sessions before launching.
19:19:44 INFO  : Processor reset is completed for ps7_cortexa9_0
19:21:08 INFO  : Processor reset is completed for ps7_cortexa9_0
19:33:28 INFO  : Processor reset is completed for ps7_cortexa9_0
19:35:35 INFO  : Processor reset is completed for ps7_cortexa9_0
19:36:41 INFO  : ps7_cortexa9_0 Processor is in use. Please stop existing Run or Debug sessions before launching.
19:36:44 INFO  : Processor reset is completed for ps7_cortexa9_0
19:37:07 INFO  : Processor reset is completed for ps7_cortexa9_0
19:38:46 INFO  : Processor reset is completed for ps7_cortexa9_0
19:39:07 INFO  : ps7_cortexa9_0 Processor is in use. Please stop existing Run or Debug sessions before launching.
19:39:09 INFO  : Processor reset is completed for ps7_cortexa9_0
12:46:35 INFO  : Connected to target on host '127.0.0.1' and port '3121'.
12:46:35 INFO  : 'targets -set -filter {jtag_cable_name =~ "Digilent Zybo 210279758982A" && level==0} -index 1' command is executed.
12:46:37 INFO  : FPGA configured successfully with bitstream "C:/xup/embedded/2015_2_zynq_labs/FinalProject/FinalProject.sdk/lab9winter2019part2I2CuartIP_wrapper_hw_platform_0/lab9winter2019part2I2CuartIP_wrapper.bit"
12:46:48 INFO  : ps7_init is completed.
12:46:49 INFO  : ps7_post_config is completed.
12:46:49 INFO  : Processor reset is completed for ps7_cortexa9_0
13:01:58 INFO  : Connected to target on host '127.0.0.1' and port '3121'.
13:01:59 INFO  : 'targets -set -filter {jtag_cable_name =~ "Digilent Zybo 210279758982A" && level==0} -index 1' command is executed.
13:02:00 INFO  : FPGA configured successfully with bitstream "C:/xup/embedded/2015_2_zynq_labs/FinalProject/FinalProject.sdk/lab9winter2019part2I2CuartIP_wrapper_hw_platform_0/lab9winter2019part2I2CuartIP_wrapper.bit"
13:02:12 INFO  : ps7_init is completed.
13:02:12 INFO  : ps7_post_config is completed.
13:02:12 INFO  : Processor reset is completed for ps7_cortexa9_0
13:09:34 INFO  : ps7_cortexa9_0 Processor is in use. Please stop existing Run or Debug sessions before launching.
13:09:36 INFO  : Processor reset is completed for ps7_cortexa9_0
13:10:50 INFO  : Connected to target on host '127.0.0.1' and port '3121'.
13:10:51 INFO  : 'targets -set -filter {jtag_cable_name =~ "Digilent Zybo 210279758982A" && level==0} -index 1' command is executed.
13:10:52 INFO  : FPGA configured successfully with bitstream "C:/xup/embedded/2015_2_zynq_labs/FinalProject/FinalProject.sdk/lab9winter2019part2I2CuartIP_wrapper_hw_platform_0/lab9winter2019part2I2CuartIP_wrapper.bit"
13:10:59 INFO  : ps7_cortexa9_0 Processor is in use. Please stop existing Run or Debug sessions before launching.
13:11:09 ERROR : Unexpected error while launching program.
java.lang.RuntimeException: Error in Resetting Target

    Could not stop the processor after reset


	at com.xilinx.sdk.targetmanager.internal.TM.doProcessorReset(TM.java:995)
	at com.xilinx.sdk.debug.core.XilinxAppLaunchConfigurationDelegate.runTargetSetup(XilinxAppLaunchConfigurationDelegate.java:506)
	at com.xilinx.sdk.debug.core.XilinxAppLaunchConfigurationDelegate.runApplication(XilinxAppLaunchConfigurationDelegate.java:588)
	at com.xilinx.sdk.debug.core.XilinxAppLaunchConfigurationDelegate.launch(XilinxAppLaunchConfigurationDelegate.java:296)
	at com.xilinx.sdk.debug.ui.XilinxAppLaunchDelegateWrapper.launch(XilinxAppLaunchDelegateWrapper.java:31)
	at org.eclipse.debug.internal.core.LaunchConfiguration.launch(LaunchConfiguration.java:858)
	at org.eclipse.debug.internal.core.LaunchConfiguration.launch(LaunchConfiguration.java:707)
	at org.eclipse.debug.internal.ui.DebugUIPlugin.buildAndLaunch(DebugUIPlugin.java:1018)
	at org.eclipse.debug.internal.ui.DebugUIPlugin$8.run(DebugUIPlugin.java:1222)
	at org.eclipse.core.internal.jobs.Worker.run(Worker.java:53)
13:11:45 INFO  : Connected to target on host '127.0.0.1' and port '3121'.
13:11:45 INFO  : 'targets -set -filter {jtag_cable_name =~ "Digilent Zybo 210279758982A" && level==0} -index 1' command is executed.
13:11:46 INFO  : FPGA configured successfully with bitstream "C:/xup/embedded/2015_2_zynq_labs/FinalProject/FinalProject.sdk/lab9winter2019part2I2CuartIP_wrapper_hw_platform_0/lab9winter2019part2I2CuartIP_wrapper.bit"
13:11:54 INFO  : ps7_init is completed.
13:11:54 INFO  : ps7_post_config is completed.
13:11:54 INFO  : Processor reset is completed for ps7_cortexa9_0
13:25:25 INFO  : ps7_cortexa9_0 Processor is in use. Please stop existing Run or Debug sessions before launching.
13:25:41 INFO  : Processor reset is completed for ps7_cortexa9_0
13:37:58 INFO  : ps7_cortexa9_0 Processor is in use. Please stop existing Run or Debug sessions before launching.
13:38:00 INFO  : Processor reset is completed for ps7_cortexa9_0
