#
# A fatal error has been detected by the Java Runtime Environment:
#
#  Internal Error (0xc000000d), pid=22236, tid=16388
#
# JRE version: Java(TM) SE Runtime Environment (8.0_25-b18) (build 1.8.0_25-b18)
# Java VM: Java HotSpot(TM) 64-Bit Server VM (25.25-b02 mixed mode windows-amd64 compressed oops)
# Problematic frame:
# C  [ntdll.dll+0x10f220]
#
# Failed to write core dump. Minidumps are not enabled by default on client versions of Windows
#
# If you would like to submit a bug report, please visit:
#   http://bugreport.sun.com/bugreport/crash.jsp
#

---------------  T H R E A D  ---------------

Current thread (0x00000000140e7800):  VMThread [stack: 0x0000000015dd0000,0x0000000015ed0000] [id=16388]

siginfo: ExceptionCode=0xc000000d

Registers:
RAX=0x0000000000000000, RBX=0xfffffffffffffffe, RCX=0x0000000000000005, RDX=0x0000000000000001
RSP=0x0000000015ecf240, RBP=0x00007ffba9487444, RSI=0x0000000000000000, RDI=0x0000000000000cf4
R8 =0x000000000288061a, R9 =0x000000007111fb90, R10=0x000000000000000d, R11=0x0000000000000000
R12=0x000000002869fa80, R13=0x00000000289b93e0, R14=0x000000002869fb88, R15=0x0000000015ecf3b8
RIP=0x00007ffbf084f220, EFLAGS=0x0000000000000202

Top of Stack: (sp=0x0000000015ecf240)
0x0000000015ecf240:   0000000000000057 fffffffffffffffe
0x0000000015ecf250:   0000000000000000 0000000000474380
0x0000000015ecf260:   00000000c000000d 0000000000000000
0x0000000015ecf270:   00007ffbf084f220 0000000000000000
0x0000000015ecf280:   0000000000000000 0000000000000000
0x0000000015ecf290:   0000000000000000 0000000000000000
0x0000000015ecf2a0:   0000000000000000 0000000000000000
0x0000000015ecf2b0:   0000000000000000 0000000000000000
0x0000000015ecf2c0:   0000000000000000 0000000000000000
0x0000000015ecf2d0:   0000000000000000 0000000000000000
0x0000000015ecf2e0:   0000000000000000 0000000000000000
0x0000000015ecf2f0:   0000000000000000 00007ffbf075aee1
0x0000000015ecf300:   00001e7ffca92b9b 0000000000000000
0x0000000015ecf310:   0000000000000000 00007ffbf07f112f
0x0000000015ecf320:   0000000000000000 00007ffbf075b19e
0x0000000015ecf330:   00007ffbb8db77d9 0000000015ecf430 

Instructions: (pc=0x00007ffbf084f220)
0x00007ffbf084f200:   3d f9 ff c7 44 24 20 0d 00 00 c0 b9 57 00 00 00
0x00007ffbf084f210:   e8 7b 43 f4 ff 90 48 8d 4c 24 20 e8 d0 ac f5 ff
0x00007ffbf084f220:   eb 00 48 8b 8c 24 c0 00 00 00 48 33 cc e8 7e cf
0x00007ffbf084f230:   f7 ff 48 81 c4 d8 00 00 00 c3 40 55 48 83 ec 20 


Register to memory mapping:

RAX=0x0000000000000000 is an unknown value
RBX=0xfffffffffffffffe is an unknown value
RCX=0x0000000000000005 is an unknown value
RDX=0x0000000000000001 is an unknown value
RSP=0x0000000015ecf240 is an unknown value
RBP=0x00007ffba9487444 is an unknown value
RSI=0x0000000000000000 is an unknown value
RDI=0x0000000000000cf4 is an unknown value
R8 =0x000000000288061a is at begin+179 in a stub
StubRoutines::call_stub [0x0000000002880567, 0x00000000028806cb[ (356 bytes)
R9 =0x000000007111fb90 is an unknown value
R10=0x000000000000000d is an unknown value
R11=0x0000000000000000 is an unknown value
R12=0x000000002869fa80 is an unknown value
R13=0x00000000289b93e0 is an unknown value
R14=0x000000002869fb88 is an unknown value
R15=0x0000000015ecf3b8 is an unknown value


Stack: [0x0000000015dd0000,0x0000000015ed0000],  sp=0x0000000015ecf240,  free space=1020k
Native frames: (J=compiled Java code, j=interpreted, Vv=VM code, C=native code)
C  [ntdll.dll+0x10f220]
C  [ntdll.dll+0xb112f]
C  [KERNEL32.DLL+0x1ee9a]
C  [MSVCR110.dll+0x756a]
C  [MSVCR110.dll+0x14a46]
C  [MSVCR110.dll+0x13c44]
C  [MSVCR110.dll+0x239e]
C  [MSVCR110.dll+0xabfe]
C  [MSVCP110.dll+0x3986d]
C  [librdi_common.dll+0x135d02]
C  [librdi_common.dll+0x13447b]
C  0x00007ffbcb312400
C  0x00007ffbcb312682
C  [ntdll.dll+0x250a1]
C  [ntdll.dll+0x6ab02]
C  [ntdll.dll+0x6a9ad]
C  [KERNEL32.DLL+0x1cd8a]
C  [MSVCR100.dll+0x20ccd]
V  [jvm.dll+0x1f9c55]
V  [jvm.dll+0x2325e7]
V  [jvm.dll+0x231826]
V  [jvm.dll+0x231cc1]
V  [jvm.dll+0x231ede]
V  [jvm.dll+0x2852fa]
C  [MSVCR100.dll+0x21d9f]
C  [MSVCR100.dll+0x21e3b]
C  [KERNEL32.DLL+0x17bd4]
C  [ntdll.dll+0x6ced1]

VM_Operation (0x000000000014f4d0): Exit, mode: safepoint, requested by thread 0x000000000287e800


---------------  P R O C E S S  ---------------

Java Threads: ( => current thread )
  0x0000000018da7000 JavaThread "pool-1-thread-10" [_thread_blocked, id=17072, stack(0x000000002a2b0000,0x000000002a3b0000)]
  0x0000000018da4000 JavaThread "pool-1-thread-9" [_thread_blocked, id=9416, stack(0x0000000029fb0000,0x000000002a0b0000)]
  0x0000000018dab000 JavaThread "pool-1-thread-8" [_thread_blocked, id=3260, stack(0x0000000029eb0000,0x0000000029fb0000)]
  0x0000000018daa000 JavaThread "pool-1-thread-7" [_thread_blocked, id=25904, stack(0x0000000022100000,0x0000000022200000)]
  0x0000000018da9800 JavaThread "pool-1-thread-6" [_thread_blocked, id=22292, stack(0x0000000021db0000,0x0000000021eb0000)]
  0x0000000018da5800 JavaThread "pool-1-thread-5" [_thread_blocked, id=5656, stack(0x0000000029db0000,0x0000000029eb0000)]
  0x000000001c3aa800 JavaThread "pool-1-thread-4" [_thread_blocked, id=31464, stack(0x0000000024b60000,0x0000000024c60000)]
  0x000000001a8f3000 JavaThread "pool-1-thread-3" [_thread_blocked, id=28224, stack(0x000000001ea70000,0x000000001eb70000)]
  0x000000001c3b0800 JavaThread "pool-1-thread-2" [_thread_blocked, id=6688, stack(0x0000000023c00000,0x0000000023d00000)]
  0x000000001c3af800 JavaThread "pool-1-thread-1" [_thread_blocked, id=17940, stack(0x000000001f1a0000,0x000000001f2a0000)]
  0x0000000018b01000 JavaThread "Thread-629" daemon [_thread_blocked, id=29056, stack(0x000000001f0a0000,0x000000001f1a0000)]
  0x000000001c3a6000 JavaThread "TCF Locator DNS Lookup" daemon [_thread_blocked, id=23980, stack(0x0000000023000000,0x0000000023100000)]
  0x000000001c3a4800 JavaThread "TCF Locator Timer" daemon [_thread_blocked, id=18724, stack(0x0000000022f00000,0x0000000023000000)]
  0x000000001c3a5000 JavaThread "TCF Locator Receiver" daemon [_thread_in_native, id=19364, stack(0x0000000022e00000,0x0000000022f00000)]
  0x000000001c3a3800 JavaThread "TCF Timer Dispatcher" daemon [_thread_blocked, id=25460, stack(0x0000000022c00000,0x0000000022d00000)]
  0x000000001a8f0800 JavaThread "EMF Reference Cleaner" daemon [_thread_blocked, id=15224, stack(0x000000001afe0000,0x000000001b0e0000)]
  0x0000000016195800 JavaThread "Service Thread" daemon [_thread_blocked, id=8780, stack(0x0000000016ad0000,0x0000000016bd0000)]
  0x0000000016112800 JavaThread "C1 CompilerThread3" daemon [_thread_blocked, id=19172, stack(0x00000000169d0000,0x0000000016ad0000)]
  0x000000001610c800 JavaThread "C2 CompilerThread2" daemon [_thread_blocked, id=21264, stack(0x00000000168d0000,0x00000000169d0000)]
  0x00000000160fb800 JavaThread "C2 CompilerThread1" daemon [_thread_blocked, id=11464, stack(0x00000000167d0000,0x00000000168d0000)]
  0x00000000160f9800 JavaThread "C2 CompilerThread0" daemon [_thread_blocked, id=27392, stack(0x00000000166d0000,0x00000000167d0000)]
  0x00000000160f7800 JavaThread "Attach Listener" daemon [_thread_blocked, id=16760, stack(0x00000000165d0000,0x00000000166d0000)]
  0x00000000160f6800 JavaThread "Signal Dispatcher" daemon [_thread_blocked, id=6444, stack(0x00000000164d0000,0x00000000165d0000)]
  0x00000000027d7000 JavaThread "Finalizer" daemon [_thread_blocked, id=21252, stack(0x0000000015fd0000,0x00000000160d0000)]
  0x00000000140eb800 JavaThread "Reference Handler" daemon [_thread_blocked, id=10116, stack(0x0000000015ed0000,0x0000000015fd0000)]
  0x000000000287e800 JavaThread "main" [_thread_blocked, id=16120, stack(0x0000000000050000,0x0000000000150000)]

Other Threads:
=>0x00000000140e7800 VMThread [stack: 0x0000000015dd0000,0x0000000015ed0000] [id=16388]

VM state:at safepoint (shutting down)

VM Mutex/Monitor currently owned by a thread:  ([mutex/lock_event])
[0x000000000287d9c0] Threads_lock - owner thread: 0x00000000140e7800

Heap:
 PSYoungGen      total 28672K, used 4367K [0x00000000f5580000, 0x00000000f7900000, 0x0000000100000000)
  eden space 20992K, 1% used [0x00000000f5580000,0x00000000f55e4a60,0x00000000f6a00000)
  from space 7680K, 51% used [0x00000000f7180000,0x00000000f755f260,0x00000000f7900000)
  to   space 7680K, 0% used [0x00000000f6a00000,0x00000000f6a00000,0x00000000f7180000)
 ParOldGen       total 102400K, used 48937K [0x00000000e0000000, 0x00000000e6400000, 0x00000000f5580000)
  object space 102400K, 47% used [0x00000000e0000000,0x00000000e2fca488,0x00000000e6400000)
 Metaspace       used 94937K, capacity 101154K, committed 101464K, reserved 1138688K
  class space    used 10615K, capacity 12582K, committed 12632K, reserved 1048576K

Card table byte_map: [0x0000000011c40000,0x0000000011d50000] byte_map_base: 0x0000000011540000

Marking Bits: (ParMarkBitMap*) 0x000000007185d490
 Begin Bits: [0x0000000012600000, 0x0000000012e00000)
 End Bits:   [0x0000000012e00000, 0x0000000013600000)

Polling page: 0x00000000026c0000

CodeCache: size=245760Kb used=96022Kb max_used=96203Kb free=149737Kb
 bounds [0x0000000002880000, 0x0000000008740000, 0x0000000011880000]
 total_blobs=23831 nmethods=22969 adapters=768
 compilation: enabled

Compilation events (10 events):
Event: 417647.086 Thread 0x0000000016112800 31096       1       org.eclipse.osgi.internal.loader.BundleLoaderProxy::getBasicBundleLoader (5 bytes)
Event: 417647.086 Thread 0x0000000016112800 nmethod 31096 0x0000000003a8bc90 code [0x0000000003a8bde0, 0x0000000003a8bef0]
Event: 417647.086 Thread 0x0000000016112800 31098       1       org.eclipse.osgi.internal.loader.BundleLoaderProxy::getBundleData (5 bytes)
Event: 417647.086 Thread 0x0000000016112800 nmethod 31098 0x00000000051c8510 code [0x00000000051c8660, 0x00000000051c8770]
Event: 417647.086 Thread 0x0000000016112800 31094  s    3       org.eclipse.equinox.internal.ds.model.ServiceComponentProp::setState (6 bytes)
Event: 417647.086 Thread 0x0000000016112800 nmethod 31094 0x00000000051d0a10 code [0x00000000051d0b60, 0x00000000051d0e10]
Event: 417647.191 Thread 0x0000000016112800 31099   !   3       org.eclipse.osgi.internal.baseadaptor.BaseStorage::compact (215 bytes)
Event: 417647.195 Thread 0x0000000016112800 nmethod 31099 0x0000000007de0f10 code [0x0000000007de1340, 0x0000000007de37a8]
Event: 417647.381 Thread 0x0000000016112800 31100       3       org.eclipse.osgi.framework.internal.core.AbstractBundle::close (52 bytes)
Event: 417647.386 Thread 0x0000000016112800 nmethod 31100 0x0000000004ef8510 code [0x0000000004ef8740, 0x0000000004ef9428]

GC Heap History (10 events):
Event: 417566.498 GC heap before
{Heap before GC invocations=2745 (full 1105):
 PSYoungGen      total 28672K, used 27294K [0x00000000f5580000, 0x00000000f7900000, 0x0000000100000000)
  eden space 22016K, 100% used [0x00000000f5580000,0x00000000f6b00000,0x00000000f6b00000)
  from space 6656K, 79% used [0x00000000f6b00000,0x00000000f70278d0,0x00000000f7180000)
  to   space 7168K, 0% used [0x00000000f7200000,0x00000000f7200000,0x00000000f7900000)
 ParOldGen       total 102400K, used 47778K [0x00000000e0000000, 0x00000000e6400000, 0x00000000f5580000)
  object space 102400K, 46% used [0x00000000e0000000,0x00000000e2ea8b48,0x00000000e6400000)
 Metaspace       used 94414K, capacity 100732K, committed 100952K, reserved 1138688K
  class space    used 10554K, capacity 12549K, committed 12632K, reserved 1048576K
Event: 417566.512 GC heap after
Heap after GC invocations=2745 (full 1105):
 PSYoungGen      total 28672K, used 6260K [0x00000000f5580000, 0x00000000f7a00000, 0x0000000100000000)
  eden space 21504K, 0% used [0x00000000f5580000,0x00000000f5580000,0x00000000f6a80000)
  from space 7168K, 87% used [0x00000000f7200000,0x00000000f781d3c8,0x00000000f7900000)
  to   space 7680K, 0% used [0x00000000f6a80000,0x00000000f6a80000,0x00000000f7200000)
 ParOldGen       total 102400K, used 47906K [0x00000000e0000000, 0x00000000e6400000, 0x00000000f5580000)
  object space 102400K, 46% used [0x00000000e0000000,0x00000000e2ec8b48,0x00000000e6400000)
 Metaspace       used 94414K, capacity 100732K, committed 100952K, reserved 1138688K
  class space    used 10554K, capacity 12549K, committed 12632K, reserved 1048576K
}
Event: 417581.795 GC heap before
{Heap before GC invocations=2746 (full 1105):
 PSYoungGen      total 28672K, used 27764K [0x00000000f5580000, 0x00000000f7a00000, 0x0000000100000000)
  eden space 21504K, 100% used [0x00000000f5580000,0x00000000f6a80000,0x00000000f6a80000)
  from space 7168K, 87% used [0x00000000f7200000,0x00000000f781d3c8,0x00000000f7900000)
  to   space 7680K, 0% used [0x00000000f6a80000,0x00000000f6a80000,0x00000000f7200000)
 ParOldGen       total 102400K, used 47906K [0x00000000e0000000, 0x00000000e6400000, 0x00000000f5580000)
  object space 102400K, 46% used [0x00000000e0000000,0x00000000e2ec8b48,0x00000000e6400000)
 Metaspace       used 94451K, capacity 100732K, committed 100952K, reserved 1138688K
  class space    used 10559K, capacity 12549K, committed 12632K, reserved 1048576K
Event: 417581.803 GC heap after
Heap after GC invocations=2746 (full 1105):
 PSYoungGen      total 29184K, used 5318K [0x00000000f5580000, 0x00000000f7980000, 0x0000000100000000)
  eden space 21504K, 0% used [0x00000000f5580000,0x00000000f5580000,0x00000000f6a80000)
  from space 7680K, 69% used [0x00000000f6a80000,0x00000000f6fb1aa0,0x00000000f7200000)
  to   space 7680K, 0% used [0x00000000f7200000,0x00000000f7200000,0x00000000f7980000)
 ParOldGen       total 102400K, used 47962K [0x00000000e0000000, 0x00000000e6400000, 0x00000000f5580000)
  object space 102400K, 46% used [0x00000000e0000000,0x00000000e2ed6b48,0x00000000e6400000)
 Metaspace       used 94451K, capacity 100732K, committed 100952K, reserved 1138688K
  class space    used 10559K, capacity 12549K, committed 12632K, reserved 1048576K
}
Event: 417628.937 GC heap before
{Heap before GC invocations=2747 (full 1105):
 PSYoungGen      total 29184K, used 26822K [0x00000000f5580000, 0x00000000f7980000, 0x0000000100000000)
  eden space 21504K, 100% used [0x00000000f5580000,0x00000000f6a80000,0x00000000f6a80000)
  from space 7680K, 69% used [0x00000000f6a80000,0x00000000f6fb1aa0,0x00000000f7200000)
  to   space 7680K, 0% used [0x00000000f7200000,0x00000000f7200000,0x00000000f7980000)
 ParOldGen       total 102400K, used 47962K [0x00000000e0000000, 0x00000000e6400000, 0x00000000f5580000)
  object space 102400K, 46% used [0x00000000e0000000,0x00000000e2ed6b48,0x00000000e6400000)
 Metaspace       used 94490K, capacity 100732K, committed 100952K, reserved 1138688K
  class space    used 10564K, capacity 12549K, committed 12632K, reserved 1048576K
Event: 417628.950 GC heap after
Heap after GC invocations=2747 (full 1105):
 PSYoungGen      total 28672K, used 5218K [0x00000000f5580000, 0x00000000f7a80000, 0x0000000100000000)
  eden space 20992K, 0% used [0x00000000f5580000,0x00000000f5580000,0x00000000f6a00000)
  from space 7680K, 67% used [0x00000000f7200000,0x00000000f77188f8,0x00000000f7980000)
  to   space 8192K, 0% used [0x00000000f6a00000,0x00000000f6a00000,0x00000000f7200000)
 ParOldGen       total 102400K, used 48298K [0x00000000e0000000, 0x00000000e6400000, 0x00000000f5580000)
  object space 102400K, 47% used [0x00000000e0000000,0x00000000e2f2ab48,0x00000000e6400000)
 Metaspace       used 94490K, capacity 100732K, committed 100952K, reserved 1138688K
  class space    used 10564K, capacity 12549K, committed 12632K, reserved 1048576K
}
Event: 417645.802 GC heap before
{Heap before GC invocations=2748 (full 1105):
 PSYoungGen      total 28672K, used 26210K [0x00000000f5580000, 0x00000000f7a80000, 0x0000000100000000)
  eden space 20992K, 100% used [0x00000000f5580000,0x00000000f6a00000,0x00000000f6a00000)
  from space 7680K, 67% used [0x00000000f7200000,0x00000000f77188f8,0x00000000f7980000)
  to   space 8192K, 0% used [0x00000000f6a00000,0x00000000f6a00000,0x00000000f7200000)
 ParOldGen       total 102400K, used 48298K [0x00000000e0000000, 0x00000000e6400000, 0x00000000f5580000)
  object space 102400K, 47% used [0x00000000e0000000,0x00000000e2f2ab48,0x00000000e6400000)
 Metaspace       used 94542K, capacity 100764K, committed 100952K, reserved 1138688K
  class space    used 10573K, capacity 12581K, committed 12632K, reserved 1048576K
Event: 417645.806 GC heap after
Heap after GC invocations=2748 (full 1105):
 PSYoungGen      total 25600K, used 4446K [0x00000000f5580000, 0x00000000f7900000, 0x0000000100000000)
  eden space 20992K, 0% used [0x00000000f5580000,0x00000000f5580000,0x00000000f6a00000)
  from space 4608K, 96% used [0x00000000f6a00000,0x00000000f6e578c0,0x00000000f6e80000)
  to   space 7680K, 0% used [0x00000000f7180000,0x00000000f7180000,0x00000000f7900000)
 ParOldGen       total 102400K, used 48873K [0x00000000e0000000, 0x00000000e6400000, 0x00000000f5580000)
  object space 102400K, 47% used [0x00000000e0000000,0x00000000e2fba488,0x00000000e6400000)
 Metaspace       used 94542K, capacity 100764K, committed 100952K, reserved 1138688K
  class space    used 10573K, capacity 12581K, committed 12632K, reserved 1048576K
}
Event: 417647.222 GC heap before
{Heap before GC invocations=2749 (full 1105):
 PSYoungGen      total 25600K, used 25438K [0x00000000f5580000, 0x00000000f7900000, 0x0000000100000000)
  eden space 20992K, 100% used [0x00000000f5580000,0x00000000f6a00000,0x00000000f6a00000)
  from space 4608K, 96% used [0x00000000f6a00000,0x00000000f6e578c0,0x00000000f6e80000)
  to   space 7680K, 0% used [0x00000000f7180000,0x00000000f7180000,0x00000000f7900000)
 ParOldGen       total 102400K, used 48873K [0x00000000e0000000, 0x00000000e6400000, 0x00000000f5580000)
  object space 102400K, 47% used [0x00000000e0000000,0x00000000e2fba488,0x00000000e6400000)
 Metaspace       used 94929K, capacity 101154K, committed 101464K, reserved 1138688K
  class space    used 10614K, capacity 12582K, committed 12632K, reserved 1048576K
Event: 417647.229 GC heap after
Heap after GC invocations=2749 (full 1105):
 PSYoungGen      total 28672K, used 3964K [0x00000000f5580000, 0x00000000f7900000, 0x0000000100000000)
  eden space 20992K, 0% used [0x00000000f5580000,0x00000000f5580000,0x00000000f6a00000)
  from space 7680K, 51% used [0x00000000f7180000,0x00000000f755f260,0x00000000f7900000)
  to   space 7680K, 0% used [0x00000000f6a00000,0x00000000f6a00000,0x00000000f7180000)
 ParOldGen       total 102400K, used 48937K [0x00000000e0000000, 0x00000000e6400000, 0x00000000f5580000)
  object space 102400K, 47% used [0x00000000e0000000,0x00000000e2fca488,0x00000000e6400000)
 Metaspace       used 94929K, capacity 101154K, committed 101464K, reserved 1138688K
  class space    used 10614K, capacity 12582K, committed 12632K, reserved 1048576K
}

Deoptimization events (10 events):
Event: 417647.051 Thread 0x0000000018dd3000 Uncommon trap: reason=unreached action=reinterpret pc=0x00000000058ec39c method=org.eclipse.core.internal.jobs.WorkerPool.startJob(Lorg/eclipse/core/internal/jobs/Worker;)Lorg/eclipse/core/internal/jobs/InternalJob; @ 185
Event: 417647.051 Thread 0x0000000018dd1800 Uncommon trap: reason=unreached action=reinterpret pc=0x00000000058ec39c method=org.eclipse.core.internal.jobs.WorkerPool.startJob(Lorg/eclipse/core/internal/jobs/Worker;)Lorg/eclipse/core/internal/jobs/InternalJob; @ 185
Event: 417647.051 Thread 0x0000000018dab800 Uncommon trap: reason=unreached action=reinterpret pc=0x00000000058ec39c method=org.eclipse.core.internal.jobs.WorkerPool.startJob(Lorg/eclipse/core/internal/jobs/Worker;)Lorg/eclipse/core/internal/jobs/InternalJob; @ 185
Event: 417647.051 Thread 0x0000000018dc5800 Uncommon trap: reason=unreached action=reinterpret pc=0x00000000058ec39c method=org.eclipse.core.internal.jobs.WorkerPool.startJob(Lorg/eclipse/core/internal/jobs/Worker;)Lorg/eclipse/core/internal/jobs/InternalJob; @ 185
Event: 417647.051 Thread 0x0000000018dd2800 Uncommon trap: reason=unreached action=reinterpret pc=0x00000000058ec39c method=org.eclipse.core.internal.jobs.WorkerPool.startJob(Lorg/eclipse/core/internal/jobs/Worker;)Lorg/eclipse/core/internal/jobs/InternalJob; @ 185
Event: 417647.051 Thread 0x0000000018dd1000 Uncommon trap: reason=unreached action=reinterpret pc=0x00000000058ec39c method=org.eclipse.core.internal.jobs.WorkerPool.startJob(Lorg/eclipse/core/internal/jobs/Worker;)Lorg/eclipse/core/internal/jobs/InternalJob; @ 185
Event: 417647.051 Thread 0x0000000018dcf800 Uncommon trap: reason=unreached action=reinterpret pc=0x00000000058ec39c method=org.eclipse.core.internal.jobs.WorkerPool.startJob(Lorg/eclipse/core/internal/jobs/Worker;)Lorg/eclipse/core/internal/jobs/InternalJob; @ 185
Event: 417647.052 Thread 0x0000000018da8000 Uncommon trap: reason=unreached action=reinterpret pc=0x00000000058ec39c method=org.eclipse.core.internal.jobs.WorkerPool.startJob(Lorg/eclipse/core/internal/jobs/Worker;)Lorg/eclipse/core/internal/jobs/InternalJob; @ 185
Event: 417647.052 Thread 0x0000000018da5000 Uncommon trap: reason=unreached action=reinterpret pc=0x00000000058ec39c method=org.eclipse.core.internal.jobs.WorkerPool.startJob(Lorg/eclipse/core/internal/jobs/Worker;)Lorg/eclipse/core/internal/jobs/InternalJob; @ 185
Event: 417647.382 Thread 0x000000000287e800 Uncommon trap: reason=unreached action=reinterpret pc=0x0000000005d40c3c method=sun.reflect.UnsafeStaticObjectFieldAccessorImpl.set(Ljava/lang/Object;Ljava/lang/Object;)V @ 13

Internal exceptions (10 events):
Event: 417647.003 Thread 0x0000000018dc7000 Exception <a 'java/lang/InterruptedException'> (0x00000000f682a1f0) thrown at [D:\re\workspace\8-2-build-windows-amd64-cygwin\jdk8u25\1677\hotspot\src\share\vm\runtime\objectMonitor.cpp, line 1682]
Event: 417647.005 Thread 0x0000000018b02000 Exception <a 'java/io/IOException'> (0x00000000f6828de8) thrown at [D:\re\workspace\8-2-build-windows-amd64-cygwin\jdk8u25\1677\hotspot\src\share\vm\prims\jni.cpp, line 716]
Event: 417647.005 Thread 0x0000000018b02000 Exception <a 'java/io/IOException'> (0x00000000f6829020) thrown at [D:\re\workspace\8-2-build-windows-amd64-cygwin\jdk8u25\1677\hotspot\src\share\vm\prims\jni.cpp, line 716]
Event: 417647.005 Thread 0x0000000018b02000 Exception <a 'java/io/IOException'> (0x00000000f6829228) thrown at [D:\re\workspace\8-2-build-windows-amd64-cygwin\jdk8u25\1677\hotspot\src\share\vm\prims\jni.cpp, line 716]
Event: 417647.022 Thread 0x000000000287e800 Exception <a 'java/lang/NullPointerException'> (0x00000000e029de58) thrown at [D:\re\workspace\8-2-build-windows-amd64-cygwin\jdk8u25\1677\hotspot\src\share\vm\prims\jvm.cpp, line 1316]
Event: 417647.074 Thread 0x00000000171b1000 Exception <a 'java/lang/InterruptedException': sleep interrupted> (0x00000000f69ae278) thrown at [D:\re\workspace\8-2-build-windows-amd64-cygwin\jdk8u25\1677\hotspot\src\share\vm\prims\jvm.cpp, line 3141]
Event: 417647.076 Thread 0x000000001a8f0000 Exception <a 'java/lang/InterruptedException'> (0x00000000f69aea40) thrown at [D:\re\workspace\8-2-build-windows-amd64-cygwin\jdk8u25\1677\hotspot\src\share\vm\runtime\objectMonitor.cpp, line 1682]
Event: 417647.077 Thread 0x0000000018161000 Exception <a 'java/lang/InterruptedException'> (0x00000000f69b9248) thrown at [D:\re\workspace\8-2-build-windows-amd64-cygwin\jdk8u25\1677\hotspot\src\share\vm\runtime\objectMonitor.cpp, line 1682]
Event: 417647.381 Thread 0x0000000017181800 Exception <a 'java/lang/InterruptedException'> (0x00000000f55d81e0) thrown at [D:\re\workspace\8-2-build-windows-amd64-cygwin\jdk8u25\1677\hotspot\src\share\vm\runtime\objectMonitor.cpp, line 1682]
Event: 417647.382 Thread 0x000000000287e800 Implicit null exception at 0x0000000005d408a0 to 0x0000000005d40c2d

Events (10 events):
Event: 417647.382 Thread 0x000000000287e800 DEOPT PACKING pc=0x0000000005d40c3c sp=0x000000000014eab0
Event: 417647.382 Thread 0x000000000287e800 DEOPT UNPACKING pc=0x00000000028c556a sp=0x000000000014ea08 mode 2
Event: 417647.384 loading class java/util/IdentityHashMap$KeyIterator
Event: 417647.386 loading class java/util/IdentityHashMap$IdentityHashMapIterator
Event: 417647.386 Thread 0x0000000016e27000 Thread exited: 0x0000000016e27000
Event: 417647.387 loading class java/util/IdentityHashMap$IdentityHashMapIterator done
Event: 417647.387 loading class java/util/IdentityHashMap$KeyIterator done
Event: 417647.387 Thread 0x0000000018dab800 Thread added: 0x0000000018dab800
Event: 417647.388 Thread 0x0000000018dab800 Thread exited: 0x0000000018dab800
Event: 417647.390 Executing VM operation: Exit


Dynamic libraries:
0x0000000000400000 - 0x000000000044f000 	C:\Xilinx\SDK\2015.2\eclipse\win64.o\eclipse.exe
0x00007ffbf0740000 - 0x00007ffbf0930000 	C:\WINDOWS\SYSTEM32\ntdll.dll
0x00007ffbee9d0000 - 0x00007ffbeea82000 	C:\WINDOWS\System32\KERNEL32.DLL
0x00007ffbed770000 - 0x00007ffbeda13000 	C:\WINDOWS\System32\KERNELBASE.dll
0x00007ffbeee60000 - 0x00007ffbeeff4000 	C:\WINDOWS\System32\USER32.dll
0x00007ffbee3b0000 - 0x00007ffbee3d1000 	C:\WINDOWS\System32\win32u.dll
0x00007ffbf03e0000 - 0x00007ffbf0406000 	C:\WINDOWS\System32\GDI32.dll
0x00007ffbee500000 - 0x00007ffbee694000 	C:\WINDOWS\System32\gdi32full.dll
0x00007ffbed6d0000 - 0x00007ffbed76e000 	C:\WINDOWS\System32\msvcp_win.dll
0x00007ffbedaa0000 - 0x00007ffbedb9a000 	C:\WINDOWS\System32\ucrtbase.dll
0x00007ffbf02c0000 - 0x00007ffbf035e000 	C:\WINDOWS\System32\msvcrt.dll
0x00007ffbd5830000 - 0x00007ffbd5ab5000 	C:\WINDOWS\WinSxS\amd64_microsoft.windows.common-controls_6595b64144ccf1df_6.0.18362.628_none_e6c6b62f130d50fc\COMCTL32.dll
0x00007ffbef1b0000 - 0x00007ffbef4e6000 	C:\WINDOWS\System32\combase.dll
0x00007ffbeeb90000 - 0x00007ffbeecb0000 	C:\WINDOWS\System32\RPCRT4.dll
0x00007ffbeda20000 - 0x00007ffbedaa0000 	C:\WINDOWS\System32\bcryptPrimitives.dll
0x00007ffbf0410000 - 0x00007ffbf043e000 	C:\WINDOWS\System32\IMM32.DLL
0x0000000072000000 - 0x0000000072012000 	C:\Xilinx\SDK\2015.2\eclipse\win64.o\plugins\org.eclipse.equinox.launcher.win32.win32.x86_64_1.1.200.v20140116-2212\eclipse_1503.dll
0x00007ffbf0440000 - 0x00007ffbf04e3000 	C:\WINDOWS\System32\ADVAPI32.dll
0x00007ffbeea90000 - 0x00007ffbeeb27000 	C:\WINDOWS\System32\sechost.dll
0x00007ffbe3230000 - 0x00007ffbe323a000 	C:\WINDOWS\SYSTEM32\VERSION.dll
0x00007ffbe8050000 - 0x00007ffbe80e9000 	C:\WINDOWS\system32\uxtheme.dll
0x00007ffbef070000 - 0x00007ffbef1a5000 	C:\WINDOWS\System32\MSCTF.dll
0x00007ffbf04f0000 - 0x00007ffbf05b4000 	C:\WINDOWS\System32\OLEAUT32.dll
0x0000000071080000 - 0x00000000718da000 	C:\Xilinx\SDK\2015.2\tps\win64\jre\bin\server\jvm.dll
0x00007ffbefbf0000 - 0x00007ffbefbf8000 	C:\WINDOWS\System32\PSAPI.DLL
0x00007ffbcb740000 - 0x00007ffbcb749000 	C:\WINDOWS\SYSTEM32\WSOCK32.dll
0x00007ffbe64e0000 - 0x00007ffbe6504000 	C:\WINDOWS\SYSTEM32\WINMM.dll
0x0000000071b80000 - 0x0000000071c52000 	C:\WINDOWS\SYSTEM32\MSVCR100.dll
0x00007ffbef000000 - 0x00007ffbef06f000 	C:\WINDOWS\System32\WS2_32.dll
0x00007ffbe64b0000 - 0x00007ffbe64dd000 	C:\WINDOWS\SYSTEM32\winmmbase.dll
0x00007ffbee400000 - 0x00007ffbee44a000 	C:\WINDOWS\System32\cfgmgr32.dll
0x0000000070f40000 - 0x0000000070f4f000 	C:\Xilinx\SDK\2015.2\tps\win64\jre\bin\verify.dll
0x0000000070f10000 - 0x0000000070f38000 	C:\Xilinx\SDK\2015.2\tps\win64\jre\bin\java.dll
0x0000000070ef0000 - 0x0000000070f06000 	C:\Xilinx\SDK\2015.2\tps\win64\jre\bin\zip.dll
0x00007ffbef4f0000 - 0x00007ffbefbd5000 	C:\WINDOWS\System32\SHELL32.dll
0x00007ffbee870000 - 0x00007ffbee919000 	C:\WINDOWS\System32\shcore.dll
0x00007ffbedc00000 - 0x00007ffbee37f000 	C:\WINDOWS\System32\windows.storage.dll
0x00007ffbed640000 - 0x00007ffbed65f000 	C:\WINDOWS\System32\profapi.dll
0x00007ffbed680000 - 0x00007ffbed6ca000 	C:\WINDOWS\System32\powrprof.dll
0x00007ffbed610000 - 0x00007ffbed620000 	C:\WINDOWS\System32\UMPDC.dll
0x00007ffbf05c0000 - 0x00007ffbf0612000 	C:\WINDOWS\System32\shlwapi.dll
0x00007ffbed620000 - 0x00007ffbed631000 	C:\WINDOWS\System32\kernel.appcore.dll
0x00007ffbee3e0000 - 0x00007ffbee3f7000 	C:\WINDOWS\System32\cryptsp.dll
0x00007ffbec9f0000 - 0x00007ffbeca23000 	C:\WINDOWS\system32\rsaenh.dll
0x00007ffbee380000 - 0x00007ffbee3a6000 	C:\WINDOWS\System32\bcrypt.dll
0x00007ffbed530000 - 0x00007ffbed555000 	C:\WINDOWS\SYSTEM32\USERENV.dll
0x00007ffbed050000 - 0x00007ffbed05c000 	C:\WINDOWS\SYSTEM32\CRYPTBASE.dll
0x0000000070ed0000 - 0x0000000070eea000 	C:\Xilinx\SDK\2015.2\tps\win64\jre\bin\net.dll
0x00007ffbece80000 - 0x00007ffbecee7000 	C:\WINDOWS\system32\mswsock.dll
0x00007ffbecb90000 - 0x00007ffbecbca000 	C:\WINDOWS\SYSTEM32\IPHLPAPI.DLL
0x00007ffbee7f0000 - 0x00007ffbee7f8000 	C:\WINDOWS\System32\NSI.dll
0x00007ffbdeb50000 - 0x00007ffbdeb66000 	C:\WINDOWS\SYSTEM32\dhcpcsvc6.DLL
0x00007ffbdeb30000 - 0x00007ffbdeb4c000 	C:\WINDOWS\SYSTEM32\dhcpcsvc.DLL
0x00007ffbecc20000 - 0x00007ffbeccea000 	C:\WINDOWS\SYSTEM32\DNSAPI.dll
0x0000000070eb0000 - 0x0000000070ec1000 	C:\Xilinx\SDK\2015.2\tps\win64\jre\bin\nio.dll
0x00007ffbbd140000 - 0x00007ffbbd1de000 	C:\WINDOWS\System32\TextInputFramework.dll
0x00007ffbe4ab0000 - 0x00007ffbe4dda000 	C:\WINDOWS\System32\CoreUIComponents.dll
0x00007ffbe7b30000 - 0x00007ffbe7c04000 	C:\WINDOWS\System32\CoreMessaging.dll
0x00007ffbec670000 - 0x00007ffbec6a1000 	C:\WINDOWS\SYSTEM32\ntmarta.dll
0x00007ffbe65e0000 - 0x00007ffbe6733000 	C:\WINDOWS\SYSTEM32\wintypes.dll
0x00007ffbd92b0000 - 0x00007ffbd9556000 	C:\WINDOWS\System32\iertutil.dll
0x00007ffbd5730000 - 0x00007ffbd5795000 	C:\WINDOWS\system32\Oleacc.dll
0x00007ffb9e310000 - 0x00007ffb9e326000 	C:\WINDOWS\system32\napinsp.dll
0x00007ffb9df10000 - 0x00007ffb9df2a000 	C:\WINDOWS\system32\pnrpnsp.dll
0x00007ffb9df00000 - 0x00007ffb9df0e000 	C:\WINDOWS\System32\winrnr.dll
0x00007ffbe6460000 - 0x00007ffbe647c000 	C:\WINDOWS\system32\NLAapi.dll
0x00007ffbe52a0000 - 0x00007ffbe52b5000 	C:\WINDOWS\system32\wshbth.dll
0x00007ffbe36b0000 - 0x00007ffbe36ba000 	C:\Windows\System32\rasadhlp.dll
0x00007ffbdd220000 - 0x00007ffbdd297000 	C:\WINDOWS\System32\fwpuclnt.dll
0x000000001aca0000 - 0x000000001ad48000 	C:\Users\piotr\.Xilinx\SDK\2015.2\org.eclipse.osgi\bundles\287\1\.cp\swt-win32-4335.dll
0x00007ffbf0160000 - 0x00007ffbf02b6000 	C:\WINDOWS\System32\ole32.dll
0x00007ffbefc20000 - 0x00007ffbefcf0000 	C:\WINDOWS\System32\comdlg32.dll
0x00007ffbee6a0000 - 0x00007ffbee7e9000 	C:\WINDOWS\System32\CRYPT32.dll
0x00007ffbed660000 - 0x00007ffbed672000 	C:\WINDOWS\System32\MSASN1.dll
0x00007ffb82960000 - 0x00007ffb82979000 	C:\WINDOWS\SYSTEM32\USP10.dll
0x00007ffbd57a0000 - 0x00007ffbd5829000 	C:\WINDOWS\SYSTEM32\WINSPOOL.DRV
0x00007ffbd8610000 - 0x00007ffbd8ae6000 	C:\WINDOWS\SYSTEM32\WININET.dll
0x00007ffbe81a0000 - 0x00007ffbe828f000 	C:\WINDOWS\SYSTEM32\PROPSYS.dll
0x00007ffbee920000 - 0x00007ffbee9c2000 	C:\WINDOWS\System32\clbcatq.dll
0x000000001b790000 - 0x000000001b7ae000 	C:\Users\piotr\.Xilinx\SDK\2015.2\org.eclipse.osgi\bundles\287\1\.cp\swt-gdip-win32-4335.dll
0x00007ffbd5ac0000 - 0x00007ffbd5c63000 	C:\WINDOWS\WinSxS\amd64_microsoft.windows.gdiplus_6595b64144ccf1df_1.1.18362.628_none_17b1a9146d9fcaca\gdiplus.dll
0x00007ffbe4900000 - 0x00007ffbe4aaf000 	C:\WINDOWS\SYSTEM32\WindowsCodecs.dll
0x0000000180000000 - 0x0000000180012000 	C:\Users\piotr\.Xilinx\SDK\2015.2\org.eclipse.osgi\bundles\113\1\.cp\os\win32\x86_64\localfile_1_0_0.dll
0x00007ffbab250000 - 0x00007ffbab261000 	C:\Users\piotr\.Xilinx\SDK\2015.2\org.eclipse.osgi\bundles\116\1\.cp\jWinHttp-1.0.0.dll
0x00007ffbe5080000 - 0x00007ffbe5170000 	C:\WINDOWS\SYSTEM32\WINHTTP.dll
0x00007ffbb94b0000 - 0x00007ffbb94ea000 	C:\WINDOWS\system32\dataexchange.dll
0x00007ffbe6850000 - 0x00007ffbe6aab000 	C:\WINDOWS\system32\d3d11.dll
0x00007ffbe74e0000 - 0x00007ffbe76bb000 	C:\WINDOWS\system32\dcomp.dll
0x00007ffbec310000 - 0x00007ffbec3fb000 	C:\WINDOWS\system32\dxgi.dll
0x00007ffbec280000 - 0x00007ffbec2a0000 	C:\WINDOWS\SYSTEM32\dxcore.dll
0x00007ffbeb680000 - 0x00007ffbeb8da000 	C:\WINDOWS\system32\twinapi.appcore.dll
0x00007ffbebb90000 - 0x00007ffbebbb9000 	C:\WINDOWS\system32\RMCLIENT.dll
0x00007ffbbdc50000 - 0x00007ffbbdc91000 	C:\WINDOWS\system32\mlang.dll
0x00007ffbc7b50000 - 0x00007ffbc7b60000 	C:\Xilinx\SDK\2015.2\lib\win64.o\librdi_repo_manager.dll
0x00007ffb42840000 - 0x00007ffb42a28000 	C:\Xilinx\SDK\2015.2\lib\win64.o\librdi_hsm.dll
0x00007ffba15f0000 - 0x00007ffba1644000 	C:\Xilinx\SDK\2015.2\lib\win64.o\librdi_commonxillic.dll
0x00007ffbab690000 - 0x00007ffbab737000 	C:\WINDOWS\SYSTEM32\MSVCP110.dll
0x00007ffb444d0000 - 0x00007ffb44e13000 	C:\Xilinx\SDK\2015.2\lib\win64.o\librdi_common.dll
0x00007ffba9480000 - 0x00007ffba954e000 	C:\WINDOWS\SYSTEM32\MSVCR110.dll
0x00007ffba74a0000 - 0x00007ffba74ca000 	C:\Xilinx\SDK\2015.2\lib\win64.o\libisl_sysinfo.dll
0x00007ffba8580000 - 0x00007ffba85a2000 	C:\Xilinx\SDK\2015.2\lib\win64.o\libboost_filesystem.dll
0x00007ffbcb140000 - 0x00007ffbcb149000 	C:\Xilinx\SDK\2015.2\lib\win64.o\libboost_system.dll
0x00007ffb9e220000 - 0x00007ffb9e263000 	C:\Xilinx\SDK\2015.2\lib\win64.o\librdi_hdf.dll
0x00007ffb42680000 - 0x00007ffb4283a000 	C:\Xilinx\SDK\2015.2\lib\win64.o\librdi_ippcw.dll
0x00007ffb81860000 - 0x00007ffb8195a000 	C:\Xilinx\SDK\2015.2\lib\win64.o\libboost_regex.dll
0x0000000070f50000 - 0x0000000071077000 	C:\Xilinx\SDK\2015.2\lib\win64.o\tcl85t.dll
0x00007ffb44000000 - 0x00007ffb44220000 	C:\Xilinx\SDK\2015.2\lib\win64.o\libXil_lmgr11.dll
0x00007ffbedba0000 - 0x00007ffbedbfc000 	C:\WINDOWS\System32\WINTRUST.dll
0x00007ffb44220000 - 0x00007ffb444c8000 	C:\Xilinx\SDK\2015.2\lib\win64.o\libCOIN-all.dll
0x00007ffbcb4d0000 - 0x00007ffbcb4e0000 	C:\Xilinx\SDK\2015.2\lib\win64.o\libboost_date_time.dll
0x00007ffba7550000 - 0x00007ffba75c4000 	C:\Xilinx\SDK\2015.2\lib\win64.o\libboost_program_options.dll
0x00007ffba7c10000 - 0x00007ffba7c2d000 	C:\Xilinx\SDK\2015.2\lib\win64.o\libboost_thread.dll
0x00007ffba7d90000 - 0x00007ffba7da3000 	C:\Xilinx\SDK\2015.2\lib\win64.o\libboost_signals.dll
0x00007ffb83ad0000 - 0x00007ffb83b6a000 	C:\Xilinx\SDK\2015.2\lib\win64.o\libhdxml.dll
0x00007ffba74d0000 - 0x00007ffba7550000 	C:\Xilinx\SDK\2015.2\lib\win64.o\libhdlpsolve.dll
0x00007ffba7be0000 - 0x00007ffba7c03000 	C:\Xilinx\SDK\2015.2\lib\win64.o\libisl_iosutils.dll
0x00007ffb439f0000 - 0x00007ffb43ffa200 	C:\Xilinx\SDK\2015.2\lib\win64.o\libisl_iostreams.dll
0x00007ffba97e0000 - 0x00007ffba97f5000 	C:\Xilinx\SDK\2015.2\lib\win64.o\pthreadVC2.dll
0x00007ffba79f0000 - 0x00007ffba7a08000 	C:\Xilinx\SDK\2015.2\lib\win64.o\librdiconfig.dll
0x00007ffbd80a0000 - 0x00007ffbd8276000 	C:\WINDOWS\SYSTEM32\urlmon.dll
0x00007ffbab660000 - 0x00007ffbab683000 	C:\WINDOWS\SYSTEM32\VCOMP110.DLL
0x00007ffba71a0000 - 0x00007ffba71c3000 	C:\Xilinx\SDK\2015.2\lib\win64.o\librdizlib.dll
0x00007ffbda370000 - 0x00007ffbda387000 	C:\WINDOWS\SYSTEM32\NETAPI32.dll
0x00007ffbcaf30000 - 0x00007ffbcaf3b000 	C:\Xilinx\SDK\2015.2\lib\win64.o\libboost_chrono.dll
0x00007ffba6280000 - 0x00007ffba6296000 	C:\Xilinx\SDK\2015.2\lib\win64.o\libboost_iostreams.dll
0x00007ffb7f720000 - 0x00007ffb7f850000 	C:\Xilinx\SDK\2015.2\lib\win64.o\librdi_curl.dll
0x0000000024d60000 - 0x0000000024fc3000 	C:\Xilinx\SDK\2015.2\lib\win64.o\xerces-c_3_1.dll
0x00007ffba1890000 - 0x00007ffba18ac000 	C:\Xilinx\SDK\2015.2\lib\win64.o\librdi_hw_platform.dll

VM Arguments:
jvm_args: -Dcom.xilinx.sdk.args.hwspec=C:/xup/embedded/2015_2_zynq_labs/FinalProject/FinalProject.sdk/lab9winter2019part2I2CuartIP_wrapper.hdf -Xms64m -Xmx512m & 
java_command: <unknown>
java_class_path (initial): C:\Xilinx\SDK\2015.2\eclipse\win64.o\\plugins/org.eclipse.equinox.launcher_1.3.0.v20130327-1440.jar
Launcher Type: generic

Environment Variables:
PATH=C:/Xilinx/SDK/2015.2/tps/win64/jre/bin/server;C:/Xilinx/SDK/2015.2/tps/win64/jre/bin;C:/Xilinx/SDK/2015.2/tps/win64/jre/lib/amd64;C:\Xilinx\SDK\2015.2\gnuwin\bin;C:\Xilinx\SDK\2015.2\gnu\microblaze\nt\bin;C:\Xilinx\SDK\2015.2\gnu\microblaze\linux_toolchain\nt64_le\bin;C:\Xilinx\SDK\2015.2\gnu\microblaze\linux_toolchain\nt64_be\bin;C:\Xilinx\SDK\2015.2\gnu\arm\nt\bin;C:\Xilinx\SDK\2015.2\gnu\aarch64\nt\aarch64-none\bin;C:\Xilinx\SDK\2015.2\gnu\aarch64\nt\aarch64-linux\bin;C:\Xilinx\SDK\2015.2\gnu\armr5\nt\gcc-arm-none-eabi\bin;C:\Xilinx\SDK\2015.2\gnu\aarch32\nt\gcc-arm-none-eabi\bin;C:\Xilinx\SDK\2015.2\gnu\aarch32\nt\gcc-arm-linux-gnueabi\bin;C:\Xilinx\SDK\2015.2\bin;C:\Xilinx\SDK\2015.2\lib\win64.o;C:\Xilinx\SDK\2015.2\tps\win64\jre\bin\server;C:\Xilinx\SDK\2015.2\tps\win64\jre\bin;C:\Xilinx\SDK\2015.2\bin;C:\Xilinx\SDK\2015.2\bin;C:\Xilinx\Vivado\2015.2\ids_lite\ISE\bin\nt64;C:\Xilinx\Vivado\2015.2\ids_lite\ISE\lib\nt64;C:\Xilinx\Vivado\2015.2\bin;C:\Xilinx\Vivado\2015.2\lib\win64.o;C:\Xilinx\Vivado\2015.2\tps\win64\jre\bin\server;C:\Xilinx\Vivado\2015.2\tps\win64\jre\bin;C:\Xilinx\SDK\2015.2\bin;C:\Xilinx\Vivado\2015.2\ids_lite\ISE\bin\nt64;C:\Xilinx\Vivado\2015.2\ids_lite\ISE\lib\nt64;C:\Program Files (x86)\Common Files\Oracle\Java\javapath;C:\windows\system32;C:\windows;C:\windows\System32\Wbem;C:\windows\System32\WindowsPowerShell\v1.0\;C:\windows\System32\OpenSSH\;C:\Program Files (x86)\NVIDIA Corporation\PhysX\Common;C:\Program Files\Intel\WiFi\bin\;C:\Program Files\Common Files\Intel\WirelessCommon\;C:\Program Files\Git\cmd;C:\Program Files\MATLAB\R2018a\bin;C:\WINDOWS\system32;C:\WINDOWS;C:\WINDOWS\System32\Wbem;C:\WINDOWS\System32\WindowsPowerShell\v1.0\;C:\WINDOWS\System32\OpenSSH\;C:\Program Files\PuTTY\;C:\lscc\iCEcube2.2017.08\Aldec\Active-HDL\BIN;C:\Users\piotr\AppData\Local\Microsoft\WindowsApps;;C:\xup\embedded\2015_2_zynq_labs\FinalProject;
USERNAME=piotr
OS=Windows_NT
PROCESSOR_IDENTIFIER=Intel64 Family 6 Model 142 Stepping 11, GenuineIntel



---------------  S Y S T E M  ---------------

OS: Windows 8 , 64 bit Build 9200 

CPU:total 8 (4 cores per cpu, 2 threads per core) family 6 model 142 stepping 11, cmov, cx8, fxsr, mmx, sse, sse2, sse3, ssse3, sse4.1, sse4.2, popcnt, avx, avx2, aes, clmul, erms, lzcnt, ht, tsc, tscinvbit, bmi1, bmi2

Memory: 4k page, physical 16476616k(4610192k free), swap 23457208k(4523976k free)

vm_info: Java HotSpot(TM) 64-Bit Server VM (25.25-b02) for windows-amd64 JRE (1.8.0_25-b18), built on Oct  7 2014 14:25:37 by "java_re" with MS VC++ 10.0 (VS2010)

time: Tue Feb 18 13:42:30 2020
elapsed time: 417651 seconds (4d 20h 0m 51s)

