#
# A fatal error has been detected by the Java Runtime Environment:
#
#  EXCEPTION_UNCAUGHT_CXX_EXCEPTION (0xe06d7363) at pc=0x00007ffbed7aa839, pid=30084, tid=22984
#
# JRE version: Java(TM) SE Runtime Environment (8.0_25-b18) (build 1.8.0_25-b18)
# Java VM: Java HotSpot(TM) 64-Bit Server VM (25.25-b02 mixed mode windows-amd64 compressed oops)
# Problematic frame:
# C  [KERNELBASE.dll+0x3a839]
#
# Failed to write core dump. Minidumps are not enabled by default on client versions of Windows
#
# If you would like to submit a bug report, please visit:
#   http://bugreport.sun.com/bugreport/crash.jsp
#

---------------  T H R E A D  ---------------

Current thread (0x00000000140c8800):  VMThread [stack: 0x0000000015db0000,0x0000000015eb0000] [id=22984]

siginfo: ExceptionCode=0xe06d7363, ExceptionInformation=0x0000000019930520 0x0000000015eaf3b8 0x00007ffba952e708 0x00007ffba9480000 

Registers:
RAX=0x0000000000000000, RBX=0x00007ffba952e708, RCX=0x0000000015eaeb60, RDX=0x00007ffbf07666fa
RSP=0x0000000015eaf200, RBP=0x0000000015eaf340, RSI=0x00000000ffffffff, RDI=0x0000000029296340
R8 =0x0000000015eaebe0, R9 =0x0000000015ea0000, R10=0x0000000100000000, R11=0x0000000000140012
R12=0x0000000000000001, R13=0x0000000000000008, R14=0x0000000000000000, R15=0xffffffffffffffff
RIP=0x00007ffbed7aa839, EFLAGS=0x0000000000000202

Top of Stack: (sp=0x0000000015eaf200)
0x0000000015eaf200:   0000000000060003 00007ffba952e708
0x0000000015eaf210:   00000000ffffffff 00000000298a8fa0
0x0000000015eaf220:   00000001e06d7363 0000000000000000
0x0000000015eaf230:   00007ffbed7aa839 0000000000000004
0x0000000015eaf240:   0000000019930520 0000000015eaf3b8
0x0000000015eaf250:   00007ffba952e708 00007ffba9480000
0x0000000015eaf260:   0000000000000008 0000000000000001
0x0000000015eaf270:   00000000ffffffff 0000000015eaf340
0x0000000015eaf280:   0000000015eaf350 00007ffbf075f49f
0x0000000015eaf290:   0000000029296340 00007ffb00000000
0x0000000015eaf2a0:   0000d7a03de05eba 000000000000003f
0x0000000015eaf2b0:   00007ffba9544000 00007ffba9480000
0x0000000015eaf2c0:   0000410f804186f9 00000000002a4080
0x0000000015eaf2d0:   00007ffba952e708 00007ffba94de980
0x0000000015eaf2e0:   ffffffff0000001f 0000000000000008
0x0000000015eaf2f0:   0000000000000001 0000000029296340 

Instructions: (pc=0x00007ffbed7aa839)
0x00007ffbed7aa819:   8b d1 44 0f 47 c0 44 89 44 24 38 49 c1 e0 03 e8
0x00007ffbed7aa829:   ca 4c 05 00 48 8d 4c 24 20 48 ff 15 ef c3 16 00
0x00007ffbed7aa839:   0f 1f 44 00 00 48 8b 8c 24 c0 00 00 00 48 33 cc
0x00007ffbed7aa849:   e8 c2 ee 04 00 48 81 c4 d8 00 00 00 c3 83 64 24 


Register to memory mapping:

RAX=0x0000000000000000 is an unknown value
RBX=0x00007ffba952e708 is an unknown value
RCX=0x0000000015eaeb60 is an unknown value
RDX=0x00007ffbf07666fa is an unknown value
RSP=0x0000000015eaf200 is an unknown value
RBP=0x0000000015eaf340 is an unknown value
RSI=0x00000000ffffffff is an unallocated location in the heap
RDI=0x0000000029296340 is an unknown value
R8 =0x0000000015eaebe0 is an unknown value
R9 =0x0000000015ea0000 is an unknown value
R10=0x0000000100000000 is pointing into metadata
R11=0x0000000000140012 is pointing into the stack for thread: 0x000000000285e800
R12=0x0000000000000001 is an unknown value
R13=0x0000000000000008 is an unknown value
R14=0x0000000000000000 is an unknown value
R15=0xffffffffffffffff is an unknown value


Stack: [0x0000000015db0000,0x0000000015eb0000],  sp=0x0000000015eaf200,  free space=1020k
Native frames: (J=compiled Java code, j=interpreted, Vv=VM code, C=native code)
C  [KERNELBASE.dll+0x3a839]
C  [MSVCR110.dll+0x5e980]
C  [MSVCR110.dll+0x12ec4]
C  [MSVCR110.dll+0x13411]
C  [MSVCR110.dll+0x13c04]
C  [MSVCR110.dll+0x239e]
C  [MSVCR110.dll+0xabfe]
C  [MSVCP110.dll+0x3986d]
C  [librdi_common.dll+0x135d02]
C  [librdi_common.dll+0x13447b]
C  [librdi_commontasks.dll+0x1cc33c]
C  [librdi_commontasks.dll+0x1cc5be]
C  [ntdll.dll+0x250a1]
C  [ntdll.dll+0x6ab02]
C  [ntdll.dll+0x6a9ad]
C  [KERNEL32.DLL+0x1cd8a]
C  [MSVCR100.dll+0x20ccd]
V  [jvm.dll+0x1f9c55]
V  [jvm.dll+0x2325e7]
V  [jvm.dll+0x231826]
V  [jvm.dll+0x231cc1]
V  [jvm.dll+0x231ede]
V  [jvm.dll+0x2852fa]
C  [MSVCR100.dll+0x21d9f]
C  [MSVCR100.dll+0x21e3b]
C  [KERNEL32.DLL+0x17bd4]
C  [ntdll.dll+0x6ced1]

VM_Operation (0x000000000014f4d0): Exit, mode: safepoint, requested by thread 0x000000000285e800


---------------  P R O C E S S  ---------------

Java Threads: ( => current thread )
  0x0000000018fd1000 JavaThread "TCF Locator DNS Lookup" daemon [_thread_blocked, id=3400, stack(0x00000000231d0000,0x00000000232d0000)]
  0x0000000018fd7000 JavaThread "TCF Locator Timer" daemon [_thread_blocked, id=27236, stack(0x00000000230d0000,0x00000000231d0000)]
  0x0000000018fd1800 JavaThread "TCF Locator Receiver" daemon [_thread_in_native, id=4056, stack(0x0000000022fd0000,0x00000000230d0000)]
  0x0000000018fd0000 JavaThread "TCF Timer Dispatcher" daemon [_thread_blocked, id=26000, stack(0x0000000022b70000,0x0000000022c70000)]
  0x00000000178fb800 JavaThread "EMF Reference Cleaner" daemon [_thread_blocked, id=4176, stack(0x0000000019e50000,0x0000000019f50000)]
  0x000000001616c000 JavaThread "Service Thread" daemon [_thread_blocked, id=15260, stack(0x0000000016ab0000,0x0000000016bb0000)]
  0x00000000160f1000 JavaThread "C1 CompilerThread3" daemon [_thread_blocked, id=24280, stack(0x00000000169b0000,0x0000000016ab0000)]
  0x00000000160e0800 JavaThread "C2 CompilerThread2" daemon [_thread_blocked, id=32600, stack(0x00000000168b0000,0x00000000169b0000)]
  0x00000000160da000 JavaThread "C2 CompilerThread1" daemon [_thread_blocked, id=34476, stack(0x00000000167b0000,0x00000000168b0000)]
  0x00000000160d8000 JavaThread "C2 CompilerThread0" daemon [_thread_blocked, id=33148, stack(0x00000000166b0000,0x00000000167b0000)]
  0x00000000160d6000 JavaThread "Attach Listener" daemon [_thread_blocked, id=30456, stack(0x00000000165b0000,0x00000000166b0000)]
  0x00000000160d5000 JavaThread "Signal Dispatcher" daemon [_thread_blocked, id=33444, stack(0x00000000164b0000,0x00000000165b0000)]
  0x0000000002806800 JavaThread "Finalizer" daemon [_thread_blocked, id=33760, stack(0x0000000015fb0000,0x00000000160b0000)]
  0x00000000140cc800 JavaThread "Reference Handler" daemon [_thread_blocked, id=16408, stack(0x0000000015eb0000,0x0000000015fb0000)]
  0x000000000285e800 JavaThread "main" [_thread_blocked, id=24168, stack(0x0000000000050000,0x0000000000150000)]

Other Threads:
=>0x00000000140c8800 VMThread [stack: 0x0000000015db0000,0x0000000015eb0000] [id=22984]

VM state:at safepoint (shutting down)

VM Mutex/Monitor currently owned by a thread:  ([mutex/lock_event])
[0x000000000285d8c0] Threads_lock - owner thread: 0x00000000140c8800

Heap:
 PSYoungGen      total 52736K, used 28932K [0x00000000f5580000, 0x00000000faf80000, 0x0000000100000000)
  eden space 52224K, 55% used [0x00000000f5580000,0x00000000f71c13d8,0x00000000f8880000)
  from space 512K, 0% used [0x00000000f8880000,0x00000000f8880000,0x00000000f8900000)
  to   space 19968K, 0% used [0x00000000f9c00000,0x00000000f9c00000,0x00000000faf80000)
 ParOldGen       total 101376K, used 32671K [0x00000000e0000000, 0x00000000e6300000, 0x00000000f5580000)
  object space 101376K, 32% used [0x00000000e0000000,0x00000000e1fe7f40,0x00000000e6300000)
 Metaspace       used 73498K, capacity 78940K, committed 79064K, reserved 1118208K
  class space    used 9174K, capacity 10948K, committed 10968K, reserved 1048576K

Card table byte_map: [0x0000000011c20000,0x0000000011d30000] byte_map_base: 0x0000000011520000

Marking Bits: (ParMarkBitMap*) 0x000000007185d490
 Begin Bits: [0x00000000125e0000, 0x0000000012de0000)
 End Bits:   [0x0000000012de0000, 0x00000000135e0000)

Polling page: 0x0000000002260000

CodeCache: size=245760Kb used=25212Kb max_used=25331Kb free=220547Kb
 bounds [0x0000000002860000, 0x0000000004150000, 0x0000000011860000]
 total_blobs=7797 nmethods=6963 adapters=743
 compilation: enabled

Compilation events (10 events):
Event: 1452.048 Thread 0x00000000160f1000 8511       3       java.util.Collections$SingletonList::<init> (10 bytes)
Event: 1452.049 Thread 0x00000000160f1000 nmethod 8511 0x00000000037c5ed0 code [0x00000000037c6040, 0x00000000037c62d0]
Event: 1452.100 Thread 0x00000000160f1000 8513       3       java.io.File::list (33 bytes)
Event: 1452.100 Thread 0x00000000160f1000 nmethod 8513 0x0000000003ec6c50 code [0x0000000003ec6e20, 0x0000000003ec7548]
Event: 1452.120 Thread 0x00000000160f1000 8514   !   3       org.eclipse.osgi.internal.baseadaptor.BaseStorage::compact (215 bytes)
Event: 1452.121 Thread 0x00000000160f1000 nmethod 8514 0x00000000032fd350 code [0x00000000032fd780, 0x00000000032ffbe8]
Event: 1452.158 Thread 0x00000000160f1000 8515       3       org.eclipse.osgi.framework.internal.core.AbstractBundle::close (52 bytes)
Event: 1452.159 Thread 0x00000000160f1000 nmethod 8515 0x00000000032fbed0 code [0x00000000032fc100, 0x00000000032fcde8]
Event: 1452.160 Thread 0x00000000160f1000 8516       1       java.util.logging.LogManager$LoggerContext::getOwner (5 bytes)
Event: 1452.161 Thread 0x00000000160f1000 nmethod 8516 0x00000000032e3790 code [0x00000000032e38e0, 0x00000000032e39f0]

GC Heap History (10 events):
Event: 1288.480 GC heap before
{Heap before GC invocations=38 (full 13):
 PSYoungGen      total 53760K, used 1184K [0x00000000f5580000, 0x00000000fb380000, 0x0000000100000000)
  eden space 52224K, 0% used [0x00000000f5580000,0x00000000f5580000,0x00000000f8880000)
  from space 1536K, 77% used [0x00000000f8880000,0x00000000f89a8000,0x00000000f8a00000)
  to   space 22016K, 0% used [0x00000000f9e00000,0x00000000f9e00000,0x00000000fb380000)
 ParOldGen       total 101376K, used 33624K [0x00000000e0000000, 0x00000000e6300000, 0x00000000f5580000)
  object space 101376K, 33% used [0x00000000e0000000,0x00000000e20d60a8,0x00000000e6300000)
 Metaspace       used 72432K, capacity 77976K, committed 78168K, reserved 1116160K
  class space    used 9060K, capacity 10782K, committed 10840K, reserved 1048576K
Event: 1288.672 GC heap after
Heap after GC invocations=38 (full 13):
 PSYoungGen      total 53760K, used 0K [0x00000000f5580000, 0x00000000fb380000, 0x0000000100000000)
  eden space 52224K, 0% used [0x00000000f5580000,0x00000000f5580000,0x00000000f8880000)
  from space 1536K, 0% used [0x00000000f8880000,0x00000000f8880000,0x00000000f8a00000)
  to   space 22016K, 0% used [0x00000000f9e00000,0x00000000f9e00000,0x00000000fb380000)
 ParOldGen       total 101376K, used 32669K [0x00000000e0000000, 0x00000000e6300000, 0x00000000f5580000)
  object space 101376K, 32% used [0x00000000e0000000,0x00000000e1fe7668,0x00000000e6300000)
 Metaspace       used 72432K, capacity 77976K, committed 78168K, reserved 1116160K
  class space    used 9060K, capacity 10782K, committed 10840K, reserved 1048576K
}
Event: 1348.491 GC heap before
{Heap before GC invocations=39 (full 13):
 PSYoungGen      total 53760K, used 3778K [0x00000000f5580000, 0x00000000fb380000, 0x0000000100000000)
  eden space 52224K, 7% used [0x00000000f5580000,0x00000000f5930b28,0x00000000f8880000)
  from space 1536K, 0% used [0x00000000f8880000,0x00000000f8880000,0x00000000f8a00000)
  to   space 22016K, 0% used [0x00000000f9e00000,0x00000000f9e00000,0x00000000fb380000)
 ParOldGen       total 101376K, used 32669K [0x00000000e0000000, 0x00000000e6300000, 0x00000000f5580000)
  object space 101376K, 32% used [0x00000000e0000000,0x00000000e1fe7668,0x00000000e6300000)
 Metaspace       used 72449K, capacity 77982K, committed 78168K, reserved 1116160K
  class space    used 9060K, capacity 10783K, committed 10840K, reserved 1048576K
Event: 1348.497 GC heap after
Heap after GC invocations=39 (full 13):
 PSYoungGen      total 72192K, used 448K [0x00000000f5580000, 0x00000000fb180000, 0x0000000100000000)
  eden space 52224K, 0% used [0x00000000f5580000,0x00000000f5580000,0x00000000f8880000)
  from space 19968K, 2% used [0x00000000f9e00000,0x00000000f9e70000,0x00000000fb180000)
  to   space 20992K, 0% used [0x00000000f8880000,0x00000000f8880000,0x00000000f9d00000)
 ParOldGen       total 101376K, used 32677K [0x00000000e0000000, 0x00000000e6300000, 0x00000000f5580000)
  object space 101376K, 32% used [0x00000000e0000000,0x00000000e1fe9668,0x00000000e6300000)
 Metaspace       used 72449K, capacity 77982K, committed 78168K, reserved 1116160K
  class space    used 9060K, capacity 10783K, committed 10840K, reserved 1048576K
}
Event: 1348.498 GC heap before
{Heap before GC invocations=40 (full 14):
 PSYoungGen      total 72192K, used 448K [0x00000000f5580000, 0x00000000fb180000, 0x0000000100000000)
  eden space 52224K, 0% used [0x00000000f5580000,0x00000000f5580000,0x00000000f8880000)
  from space 19968K, 2% used [0x00000000f9e00000,0x00000000f9e70000,0x00000000fb180000)
  to   space 20992K, 0% used [0x00000000f8880000,0x00000000f8880000,0x00000000f9d00000)
 ParOldGen       total 101376K, used 32677K [0x00000000e0000000, 0x00000000e6300000, 0x00000000f5580000)
  object space 101376K, 32% used [0x00000000e0000000,0x00000000e1fe9668,0x00000000e6300000)
 Metaspace       used 72449K, capacity 77982K, committed 78168K, reserved 1116160K
  class space    used 9060K, capacity 10783K, committed 10840K, reserved 1048576K
Event: 1348.755 GC heap after
Heap after GC invocations=40 (full 14):
 PSYoungGen      total 72192K, used 0K [0x00000000f5580000, 0x00000000fb180000, 0x0000000100000000)
  eden space 52224K, 0% used [0x00000000f5580000,0x00000000f5580000,0x00000000f8880000)
  from space 19968K, 0% used [0x00000000f9e00000,0x00000000f9e00000,0x00000000fb180000)
  to   space 20992K, 0% used [0x00000000f8880000,0x00000000f8880000,0x00000000f9d00000)
 ParOldGen       total 101376K, used 32696K [0x00000000e0000000, 0x00000000e6300000, 0x00000000f5580000)
  object space 101376K, 32% used [0x00000000e0000000,0x00000000e1fee3b8,0x00000000e6300000)
 Metaspace       used 72449K, capacity 77982K, committed 78168K, reserved 1116160K
  class space    used 9060K, capacity 10783K, committed 10840K, reserved 1048576K
}
Event: 1408.492 GC heap before
{Heap before GC invocations=41 (full 14):
 PSYoungGen      total 72192K, used 3153K [0x00000000f5580000, 0x00000000fb180000, 0x0000000100000000)
  eden space 52224K, 6% used [0x00000000f5580000,0x00000000f5894530,0x00000000f8880000)
  from space 19968K, 0% used [0x00000000f9e00000,0x00000000f9e00000,0x00000000fb180000)
  to   space 20992K, 0% used [0x00000000f8880000,0x00000000f8880000,0x00000000f9d00000)
 ParOldGen       total 101376K, used 32696K [0x00000000e0000000, 0x00000000e6300000, 0x00000000f5580000)
  object space 101376K, 32% used [0x00000000e0000000,0x00000000e1fee3b8,0x00000000e6300000)
 Metaspace       used 72450K, capacity 77982K, committed 78168K, reserved 1116160K
  class space    used 9060K, capacity 10783K, committed 10840K, reserved 1048576K
Event: 1408.499 GC heap after
Heap after GC invocations=41 (full 14):
 PSYoungGen      total 52736K, used 224K [0x00000000f5580000, 0x00000000faf80000, 0x0000000100000000)
  eden space 52224K, 0% used [0x00000000f5580000,0x00000000f5580000,0x00000000f8880000)
  from space 512K, 43% used [0x00000000f8880000,0x00000000f88b8000,0x00000000f8900000)
  to   space 19968K, 0% used [0x00000000f9c00000,0x00000000f9c00000,0x00000000faf80000)
 ParOldGen       total 101376K, used 32696K [0x00000000e0000000, 0x00000000e6300000, 0x00000000f5580000)
  object space 101376K, 32% used [0x00000000e0000000,0x00000000e1fee3b8,0x00000000e6300000)
 Metaspace       used 72450K, capacity 77982K, committed 78168K, reserved 1116160K
  class space    used 9060K, capacity 10783K, committed 10840K, reserved 1048576K
}
Event: 1408.499 GC heap before
{Heap before GC invocations=42 (full 15):
 PSYoungGen      total 52736K, used 224K [0x00000000f5580000, 0x00000000faf80000, 0x0000000100000000)
  eden space 52224K, 0% used [0x00000000f5580000,0x00000000f5580000,0x00000000f8880000)
  from space 512K, 43% used [0x00000000f8880000,0x00000000f88b8000,0x00000000f8900000)
  to   space 19968K, 0% used [0x00000000f9c00000,0x00000000f9c00000,0x00000000faf80000)
 ParOldGen       total 101376K, used 32696K [0x00000000e0000000, 0x00000000e6300000, 0x00000000f5580000)
  object space 101376K, 32% used [0x00000000e0000000,0x00000000e1fee3b8,0x00000000e6300000)
 Metaspace       used 72450K, capacity 77982K, committed 78168K, reserved 1116160K
  class space    used 9060K, capacity 10783K, committed 10840K, reserved 1048576K
Event: 1408.666 GC heap after
Heap after GC invocations=42 (full 15):
 PSYoungGen      total 52736K, used 0K [0x00000000f5580000, 0x00000000faf80000, 0x0000000100000000)
  eden space 52224K, 0% used [0x00000000f5580000,0x00000000f5580000,0x00000000f8880000)
  from space 512K, 0% used [0x00000000f8880000,0x00000000f8880000,0x00000000f8900000)
  to   space 19968K, 0% used [0x00000000f9c00000,0x00000000f9c00000,0x00000000faf80000)
 ParOldGen       total 101376K, used 32671K [0x00000000e0000000, 0x00000000e6300000, 0x00000000f5580000)
  object space 101376K, 32% used [0x00000000e0000000,0x00000000e1fe7f40,0x00000000e6300000)
 Metaspace       used 72450K, capacity 77982K, committed 78168K, reserved 1116160K
  class space    used 9060K, capacity 10783K, committed 10840K, reserved 1048576K
}

Deoptimization events (10 events):
Event: 1451.026 Thread 0x000000000285e800 Uncommon trap: reason=class_check action=maybe_recompile pc=0x000000000347d2c8 method=org.eclipse.emf.ecore.util.EcoreEList.contains(Ljava/lang/Object;)Z @ 53
Event: 1451.189 Thread 0x000000000285e800 Uncommon trap: reason=unreached action=reinterpret pc=0x0000000002be8378 method=org.eclipse.swt.widgets.Display.drawMenuBars()V @ 4
Event: 1451.300 Thread 0x0000000018fd3000 Uncommon trap: reason=bimorphic action=maybe_recompile pc=0x000000000359cb0c method=java.util.Properties.load0(Ljava/util/Properties$LineReader;)V @ 242
Event: 1451.334 Thread 0x000000000285e800 Uncommon trap: reason=unreached action=reinterpret pc=0x000000000363225c method=org.eclipse.e4.ui.internal.workbench.swt.PartRenderingEngine.someAreVisible(Ljava/util/List;)Z @ 41
Event: 1451.344 Thread 0x000000000285e800 Uncommon trap: reason=unreached action=reinterpret pc=0x00000000040e560c method=org.eclipse.emf.ecore.impl.MinimalEObjectImpl.setField(ILjava/lang/Object;)V @ 9
Event: 1451.344 Thread 0x000000000285e800 Uncommon trap: reason=unreached action=reinterpret pc=0x0000000003fbc5d0 method=org.eclipse.emf.ecore.impl.MinimalEObjectImpl.setField(ILjava/lang/Object;)V @ 9
Event: 1451.376 Thread 0x000000000285e800 Uncommon trap: reason=class_check action=maybe_recompile pc=0x00000000040f7b88 method=org.eclipse.e4.core.internal.contexts.TrackableComputationExt.update(Lorg/eclipse/e4/core/internal/contexts/ContextChangeEvent;)Z @ 62
Event: 1451.377 Thread 0x000000000285e800 Uncommon trap: reason=class_check action=maybe_recompile pc=0x00000000040f7b88 method=org.eclipse.e4.core.internal.contexts.TrackableComputationExt.update(Lorg/eclipse/e4/core/internal/contexts/ContextChangeEvent;)Z @ 62
Event: 1451.377 Thread 0x000000000285e800 Uncommon trap: reason=class_check action=maybe_recompile pc=0x00000000040f7b88 method=org.eclipse.e4.core.internal.contexts.TrackableComputationExt.update(Lorg/eclipse/e4/core/internal/contexts/ContextChangeEvent;)Z @ 62
Event: 1451.983 Thread 0x000000000285e800 Uncommon trap: reason=null_check action=make_not_entrant pc=0x00000000032bab5c method=org.eclipse.core.runtime.internal.adaptor.EclipseLazyStarter.shouldActivateFor(Ljava/lang/String;Lorg/eclipse/osgi/baseadaptor/BaseData;Lorg/eclipse/core/runtime/internalìÂj‡¬–@

Internal exceptions (10 events):
Event: 1450.779 Thread 0x0000000018fcc000 Exception <a 'java/net/SocketException': Socket closed> (0x00000000f5ce8720) thrown at [D:\re\workspace\8-2-build-windows-amd64-cygwin\jdk8u25\1677\hotspot\src\share\vm\prims\jni.cpp, line 742]
Event: 1450.779 Thread 0x0000000018fd3000 Exception <a 'java/lang/InterruptedException'> (0x00000000f5d04b00) thrown at [D:\re\workspace\8-2-build-windows-amd64-cygwin\jdk8u25\1677\hotspot\src\share\vm\runtime\objectMonitor.cpp, line 1682]
Event: 1450.780 Thread 0x0000000018fc8800 Implicit null exception at 0x0000000002a5fc23 to 0x0000000002a61e55
Event: 1450.969 Thread 0x000000000285e800 Implicit null exception at 0x00000000030ceb23 to 0x00000000030cecb5
Event: 1450.974 Thread 0x000000000285e800 Implicit null exception at 0x0000000003daea8c to 0x0000000003daeae9
Event: 1451.983 Thread 0x000000000285e800 Implicit null exception at 0x00000000032b9347 to 0x00000000032bab51
Event: 1452.043 Thread 0x00000000178fc800 Exception <a 'java/lang/InterruptedException': sleep interrupted> (0x00000000f702dbe8) thrown at [D:\re\workspace\8-2-build-windows-amd64-cygwin\jdk8u25\1677\hotspot\src\share\vm\prims\jvm.cpp, line 3141]
Event: 1452.046 Thread 0x0000000018fcd000 Exception <a 'java/lang/InterruptedException'> (0x00000000f70b0498) thrown at [D:\re\workspace\8-2-build-windows-amd64-cygwin\jdk8u25\1677\hotspot\src\share\vm\runtime\objectMonitor.cpp, line 1682]
Event: 1452.046 Thread 0x00000000178fe800 Exception <a 'java/lang/InterruptedException'> (0x00000000f70c1440) thrown at [D:\re\workspace\8-2-build-windows-amd64-cygwin\jdk8u25\1677\hotspot\src\share\vm\runtime\objectMonitor.cpp, line 1682]
Event: 1452.158 Thread 0x00000000178fe000 Exception <a 'java/lang/InterruptedException'> (0x00000000f6f93048) thrown at [D:\re\workspace\8-2-build-windows-amd64-cygwin\jdk8u25\1677\hotspot\src\share\vm\runtime\objectMonitor.cpp, line 1682]

Events (10 events):
Event: 1452.101 Thread 0x00000000160f1000 flushing nmethod 0x00000000033ac810
Event: 1452.158 Thread 0x00000000178fe000 Thread exited: 0x00000000178fe000
Event: 1452.159 Thread 0x00000000178fb000 Thread exited: 0x00000000178fb000
Event: 1452.159 loading class java/util/IdentityHashMap$KeyIterator
Event: 1452.159 loading class java/util/IdentityHashMap$IdentityHashMapIterator
Event: 1452.159 loading class java/util/IdentityHashMap$IdentityHashMapIterator done
Event: 1452.159 loading class java/util/IdentityHashMap$KeyIterator done
Event: 1452.159 Thread 0x0000000018fcb800 Thread added: 0x0000000018fcb800
Event: 1452.160 Thread 0x0000000018fcb800 Thread exited: 0x0000000018fcb800
Event: 1452.161 Executing VM operation: Exit


Dynamic libraries:
0x0000000000400000 - 0x000000000044f000 	C:\Xilinx\SDK\2015.2\eclipse\win64.o\eclipse.exe
0x00007ffbf0740000 - 0x00007ffbf0930000 	C:\WINDOWS\SYSTEM32\ntdll.dll
0x00007ffbee9d0000 - 0x00007ffbeea82000 	C:\WINDOWS\System32\KERNEL32.DLL
0x00007ffbed770000 - 0x00007ffbeda13000 	C:\WINDOWS\System32\KERNELBASE.dll
0x00007ffbeee60000 - 0x00007ffbeeff4000 	C:\WINDOWS\System32\USER32.dll
0x00007ffbee3b0000 - 0x00007ffbee3d1000 	C:\WINDOWS\System32\win32u.dll
0x00007ffbf03e0000 - 0x00007ffbf0406000 	C:\WINDOWS\System32\GDI32.dll
0x00007ffbee500000 - 0x00007ffbee694000 	C:\WINDOWS\System32\gdi32full.dll
0x00007ffbed6d0000 - 0x00007ffbed76e000 	C:\WINDOWS\System32\msvcp_win.dll
0x00007ffbedaa0000 - 0x00007ffbedb9a000 	C:\WINDOWS\System32\ucrtbase.dll
0x00007ffbf02c0000 - 0x00007ffbf035e000 	C:\WINDOWS\System32\msvcrt.dll
0x00007ffbd5830000 - 0x00007ffbd5ab5000 	C:\WINDOWS\WinSxS\amd64_microsoft.windows.common-controls_6595b64144ccf1df_6.0.18362.628_none_e6c6b62f130d50fc\COMCTL32.dll
0x00007ffbef1b0000 - 0x00007ffbef4e6000 	C:\WINDOWS\System32\combase.dll
0x00007ffbeeb90000 - 0x00007ffbeecb0000 	C:\WINDOWS\System32\RPCRT4.dll
0x00007ffbeda20000 - 0x00007ffbedaa0000 	C:\WINDOWS\System32\bcryptPrimitives.dll
0x00007ffbf0410000 - 0x00007ffbf043e000 	C:\WINDOWS\System32\IMM32.DLL
0x0000000072000000 - 0x0000000072012000 	C:\Xilinx\SDK\2015.2\eclipse\win64.o\plugins\org.eclipse.equinox.launcher.win32.win32.x86_64_1.1.200.v20140116-2212\eclipse_1503.dll
0x00007ffbf0440000 - 0x00007ffbf04e3000 	C:\WINDOWS\System32\ADVAPI32.dll
0x00007ffbeea90000 - 0x00007ffbeeb27000 	C:\WINDOWS\System32\sechost.dll
0x00007ffbe3230000 - 0x00007ffbe323a000 	C:\WINDOWS\SYSTEM32\VERSION.dll
0x00007ffbe8050000 - 0x00007ffbe80e9000 	C:\WINDOWS\system32\uxtheme.dll
0x00007ffbef070000 - 0x00007ffbef1a5000 	C:\WINDOWS\System32\MSCTF.dll
0x00007ffbf04f0000 - 0x00007ffbf05b4000 	C:\WINDOWS\System32\OLEAUT32.dll
0x0000000071080000 - 0x00000000718da000 	C:\Xilinx\SDK\2015.2\tps\win64\jre\bin\server\jvm.dll
0x00007ffbefbf0000 - 0x00007ffbefbf8000 	C:\WINDOWS\System32\PSAPI.DLL
0x00007ffbe64e0000 - 0x00007ffbe6504000 	C:\WINDOWS\SYSTEM32\WINMM.dll
0x00007ffbcb740000 - 0x00007ffbcb749000 	C:\WINDOWS\SYSTEM32\WSOCK32.dll
0x0000000071b80000 - 0x0000000071c52000 	C:\WINDOWS\SYSTEM32\MSVCR100.dll
0x00007ffbef000000 - 0x00007ffbef06f000 	C:\WINDOWS\System32\WS2_32.dll
0x00007ffbe64b0000 - 0x00007ffbe64dd000 	C:\WINDOWS\SYSTEM32\winmmbase.dll
0x00007ffbee400000 - 0x00007ffbee44a000 	C:\WINDOWS\System32\cfgmgr32.dll
0x0000000070f40000 - 0x0000000070f4f000 	C:\Xilinx\SDK\2015.2\tps\win64\jre\bin\verify.dll
0x0000000070f10000 - 0x0000000070f38000 	C:\Xilinx\SDK\2015.2\tps\win64\jre\bin\java.dll
0x0000000070ef0000 - 0x0000000070f06000 	C:\Xilinx\SDK\2015.2\tps\win64\jre\bin\zip.dll
0x00007ffbef4f0000 - 0x00007ffbefbd5000 	C:\WINDOWS\System32\SHELL32.dll
0x00007ffbee870000 - 0x00007ffbee919000 	C:\WINDOWS\System32\shcore.dll
0x00007ffbedc00000 - 0x00007ffbee37f000 	C:\WINDOWS\System32\windows.storage.dll
0x00007ffbed640000 - 0x00007ffbed65f000 	C:\WINDOWS\System32\profapi.dll
0x00007ffbed680000 - 0x00007ffbed6ca000 	C:\WINDOWS\System32\powrprof.dll
0x00007ffbed610000 - 0x00007ffbed620000 	C:\WINDOWS\System32\UMPDC.dll
0x00007ffbf05c0000 - 0x00007ffbf0612000 	C:\WINDOWS\System32\shlwapi.dll
0x00007ffbed620000 - 0x00007ffbed631000 	C:\WINDOWS\System32\kernel.appcore.dll
0x00007ffbee3e0000 - 0x00007ffbee3f7000 	C:\WINDOWS\System32\cryptsp.dll
0x00007ffbec9f0000 - 0x00007ffbeca23000 	C:\WINDOWS\system32\rsaenh.dll
0x00007ffbee380000 - 0x00007ffbee3a6000 	C:\WINDOWS\System32\bcrypt.dll
0x00007ffbed530000 - 0x00007ffbed555000 	C:\WINDOWS\SYSTEM32\USERENV.dll
0x00007ffbed050000 - 0x00007ffbed05c000 	C:\WINDOWS\SYSTEM32\CRYPTBASE.dll
0x0000000070ed0000 - 0x0000000070eea000 	C:\Xilinx\SDK\2015.2\tps\win64\jre\bin\net.dll
0x00007ffbece80000 - 0x00007ffbecee7000 	C:\WINDOWS\system32\mswsock.dll
0x00007ffbecb90000 - 0x00007ffbecbca000 	C:\WINDOWS\SYSTEM32\IPHLPAPI.DLL
0x00007ffbee7f0000 - 0x00007ffbee7f8000 	C:\WINDOWS\System32\NSI.dll
0x00007ffbdeb50000 - 0x00007ffbdeb66000 	C:\WINDOWS\SYSTEM32\dhcpcsvc6.DLL
0x00007ffbdeb30000 - 0x00007ffbdeb4c000 	C:\WINDOWS\SYSTEM32\dhcpcsvc.DLL
0x00007ffbecc20000 - 0x00007ffbeccea000 	C:\WINDOWS\SYSTEM32\DNSAPI.dll
0x0000000070eb0000 - 0x0000000070ec1000 	C:\Xilinx\SDK\2015.2\tps\win64\jre\bin\nio.dll
0x00007ffbbd140000 - 0x00007ffbbd1de000 	C:\WINDOWS\System32\TextInputFramework.dll
0x00007ffbe4ab0000 - 0x00007ffbe4dda000 	C:\WINDOWS\System32\CoreUIComponents.dll
0x00007ffbe7b30000 - 0x00007ffbe7c04000 	C:\WINDOWS\System32\CoreMessaging.dll
0x00007ffbec670000 - 0x00007ffbec6a1000 	C:\WINDOWS\SYSTEM32\ntmarta.dll
0x00007ffbe65e0000 - 0x00007ffbe6733000 	C:\WINDOWS\SYSTEM32\wintypes.dll
0x00007ffbd92b0000 - 0x00007ffbd9556000 	C:\WINDOWS\System32\iertutil.dll
0x00007ffbd5730000 - 0x00007ffbd5795000 	C:\WINDOWS\system32\Oleacc.dll
0x00007ffb9e310000 - 0x00007ffb9e326000 	C:\WINDOWS\system32\napinsp.dll
0x00007ffb9df10000 - 0x00007ffb9df2a000 	C:\WINDOWS\system32\pnrpnsp.dll
0x00007ffb9df00000 - 0x00007ffb9df0e000 	C:\WINDOWS\System32\winrnr.dll
0x00007ffbe6460000 - 0x00007ffbe647c000 	C:\WINDOWS\system32\NLAapi.dll
0x00007ffbe52a0000 - 0x00007ffbe52b5000 	C:\WINDOWS\system32\wshbth.dll
0x00007ffbe36b0000 - 0x00007ffbe36ba000 	C:\Windows\System32\rasadhlp.dll
0x00007ffbdd220000 - 0x00007ffbdd297000 	C:\WINDOWS\System32\fwpuclnt.dll
0x0000000019f50000 - 0x0000000019ff8000 	C:\Users\piotr\.Xilinx\SDK\2015.2\org.eclipse.osgi\bundles\287\1\.cp\swt-win32-4335.dll
0x00007ffbf0160000 - 0x00007ffbf02b6000 	C:\WINDOWS\System32\ole32.dll
0x00007ffbefc20000 - 0x00007ffbefcf0000 	C:\WINDOWS\System32\comdlg32.dll
0x00007ffbee6a0000 - 0x00007ffbee7e9000 	C:\WINDOWS\System32\CRYPT32.dll
0x00007ffbed660000 - 0x00007ffbed672000 	C:\WINDOWS\System32\MSASN1.dll
0x00007ffbd57a0000 - 0x00007ffbd5829000 	C:\WINDOWS\SYSTEM32\WINSPOOL.DRV
0x00007ffb82960000 - 0x00007ffb82979000 	C:\WINDOWS\SYSTEM32\USP10.dll
0x00007ffbd8610000 - 0x00007ffbd8ae6000 	C:\WINDOWS\SYSTEM32\WININET.dll
0x00007ffbe81a0000 - 0x00007ffbe828f000 	C:\WINDOWS\SYSTEM32\PROPSYS.dll
0x00007ffbee920000 - 0x00007ffbee9c2000 	C:\WINDOWS\System32\clbcatq.dll
0x0000000019b50000 - 0x0000000019b6e000 	C:\Users\piotr\.Xilinx\SDK\2015.2\org.eclipse.osgi\bundles\287\1\.cp\swt-gdip-win32-4335.dll
0x00007ffbd5ac0000 - 0x00007ffbd5c63000 	C:\WINDOWS\WinSxS\amd64_microsoft.windows.gdiplus_6595b64144ccf1df_1.1.18362.628_none_17b1a9146d9fcaca\gdiplus.dll
0x00007ffbe4900000 - 0x00007ffbe4aaf000 	C:\WINDOWS\SYSTEM32\WindowsCodecs.dll
0x0000000180000000 - 0x0000000180012000 	C:\Users\piotr\.Xilinx\SDK\2015.2\org.eclipse.osgi\bundles\113\1\.cp\os\win32\x86_64\localfile_1_0_0.dll
0x00007ffbcb170000 - 0x00007ffbcb181000 	C:\Users\piotr\.Xilinx\SDK\2015.2\org.eclipse.osgi\bundles\116\1\.cp\jWinHttp-1.0.0.dll
0x00007ffbe5080000 - 0x00007ffbe5170000 	C:\WINDOWS\SYSTEM32\WINHTTP.dll
0x00007ffbec280000 - 0x00007ffbec2a0000 	C:\WINDOWS\SYSTEM32\dxcore.dll
0x00007ffbcb310000 - 0x00007ffbcb320000 	C:\Xilinx\SDK\2015.2\lib\win64.o\librdi_repo_manager.dll
0x00007ffb85790000 - 0x00007ffb860d3000 	C:\Xilinx\SDK\2015.2\lib\win64.o\librdi_common.dll
0x00007ffba9090000 - 0x00007ffba90e4000 	C:\Xilinx\SDK\2015.2\lib\win64.o\librdi_commonxillic.dll
0x00007ffbb9620000 - 0x00007ffbb964a000 	C:\Xilinx\SDK\2015.2\lib\win64.o\libisl_sysinfo.dll
0x00007ffb86330000 - 0x00007ffb86518000 	C:\Xilinx\SDK\2015.2\lib\win64.o\librdi_hsm.dll
0x00007ffbab690000 - 0x00007ffbab737000 	C:\WINDOWS\SYSTEM32\MSVCP110.dll
0x00007ffba9480000 - 0x00007ffba954e000 	C:\WINDOWS\SYSTEM32\MSVCR110.dll
0x00007ffb89a60000 - 0x00007ffb89d08000 	C:\Xilinx\SDK\2015.2\lib\win64.o\libCOIN-all.dll
0x00007ffb87650000 - 0x00007ffb87870000 	C:\Xilinx\SDK\2015.2\lib\win64.o\libXil_lmgr11.dll
0x00007ffbb9ad0000 - 0x00007ffbb9af2000 	C:\Xilinx\SDK\2015.2\lib\win64.o\libboost_filesystem.dll
0x00007ffbedba0000 - 0x00007ffbedbfc000 	C:\WINDOWS\System32\WINTRUST.dll
0x00007ffbd3930000 - 0x00007ffbd3939000 	C:\Xilinx\SDK\2015.2\lib\win64.o\libboost_system.dll
0x00007ffbe6110000 - 0x00007ffbe6120000 	C:\Xilinx\SDK\2015.2\lib\win64.o\libboost_date_time.dll
0x00007ffba90f0000 - 0x00007ffba9164000 	C:\Xilinx\SDK\2015.2\lib\win64.o\libboost_program_options.dll
0x00007ffba74d0000 - 0x00007ffba75ca000 	C:\Xilinx\SDK\2015.2\lib\win64.o\libboost_regex.dll
0x00007ffbba1b0000 - 0x00007ffbba1c3000 	C:\Xilinx\SDK\2015.2\lib\win64.o\libboost_signals.dll
0x00007ffbb9ab0000 - 0x00007ffbb9acd000 	C:\Xilinx\SDK\2015.2\lib\win64.o\libboost_thread.dll
0x00007ffba1650000 - 0x00007ffba16d0000 	C:\Xilinx\SDK\2015.2\lib\win64.o\libhdlpsolve.dll
0x00007ffb8bc90000 - 0x00007ffb8bd2a000 	C:\Xilinx\SDK\2015.2\lib\win64.o\libhdxml.dll
0x00007ffb86520000 - 0x00007ffb86b2a200 	C:\Xilinx\SDK\2015.2\lib\win64.o\libisl_iostreams.dll
0x00007ffbb97b0000 - 0x00007ffbb97d3000 	C:\Xilinx\SDK\2015.2\lib\win64.o\libisl_iosutils.dll
0x00007ffbc5c10000 - 0x00007ffbc5c25000 	C:\Xilinx\SDK\2015.2\lib\win64.o\pthreadVC2.dll
0x00007ffb8b810000 - 0x00007ffb8b940000 	C:\Xilinx\SDK\2015.2\lib\win64.o\librdi_curl.dll
0x00007ffbb9600000 - 0x00007ffbb9618000 	C:\Xilinx\SDK\2015.2\lib\win64.o\librdiconfig.dll
0x00007ffbae700000 - 0x00007ffbae723000 	C:\Xilinx\SDK\2015.2\lib\win64.o\librdizlib.dll
0x00007ffbd80a0000 - 0x00007ffbd8276000 	C:\WINDOWS\SYSTEM32\urlmon.dll
0x0000000070f50000 - 0x0000000071077000 	C:\Xilinx\SDK\2015.2\lib\win64.o\tcl85t.dll
0x00007ffbab660000 - 0x00007ffbab683000 	C:\WINDOWS\SYSTEM32\VCOMP110.DLL
0x00007ffbab8c0000 - 0x00007ffbab903000 	C:\Xilinx\SDK\2015.2\lib\win64.o\librdi_hdf.dll
0x00007ffbda370000 - 0x00007ffbda387000 	C:\WINDOWS\SYSTEM32\NETAPI32.dll
0x00007ffb84610000 - 0x00007ffb847ca000 	C:\Xilinx\SDK\2015.2\lib\win64.o\librdi_ippcw.dll
0x00007ffbcb4d0000 - 0x00007ffbcb4db000 	C:\Xilinx\SDK\2015.2\lib\win64.o\libboost_chrono.dll
0x00007ffbae6e0000 - 0x00007ffbae6f6000 	C:\Xilinx\SDK\2015.2\lib\win64.o\libboost_iostreams.dll
0x0000000025f00000 - 0x0000000026163000 	C:\Xilinx\SDK\2015.2\lib\win64.o\xerces-c_3_1.dll
0x00007ffbaba20000 - 0x00007ffbaba3c000 	C:\Xilinx\SDK\2015.2\lib\win64.o\librdi_hw_platform.dll
0x00007ffbdeb10000 - 0x00007ffbdeb17000 	C:\WINDOWS\SYSTEM32\msimg32.dll
0x00007ffbb8d80000 - 0x00007ffbb8da3000 	C:\WINDOWS\SYSTEM32\edputil.dll
0x00007ffb85380000 - 0x00007ffb8578a000 	C:\Xilinx\SDK\2015.2\lib\win64.o\librdi_commontasks.dll
0x00007ffb84b70000 - 0x00007ffb85380000 	C:\Xilinx\SDK\2015.2\lib\win64.o\libXil_lmgr11FNP.dll
0x00007ffbefcf0000 - 0x00007ffbf0160000 	C:\WINDOWS\System32\SETUPAPI.dll
0x00007ffb81220000 - 0x00007ffb8122c000 	C:\WINDOWS\SYSTEM32\snmpapi.dll
0x00007ffbed500000 - 0x00007ffbed52f000 	C:\WINDOWS\SYSTEM32\SspiCli.dll

VM Arguments:
jvm_args: -Dcom.xilinx.sdk.args.hwspec=C:/xup/embedded/2015_2_zynq_labs/FinalProject/FinalProject.sdk/lab9winter2019part2I2CuartIP_wrapper.hdf -Xms64m -Xmx512m & 
java_command: <unknown>
java_class_path (initial): C:\Xilinx\SDK\2015.2\eclipse\win64.o\\plugins/org.eclipse.equinox.launcher_1.3.0.v20130327-1440.jar
Launcher Type: generic

Environment Variables:
PATH=C:/Xilinx/SDK/2015.2/tps/win64/jre/bin/server;C:/Xilinx/SDK/2015.2/tps/win64/jre/bin;C:/Xilinx/SDK/2015.2/tps/win64/jre/lib/amd64;C:\Xilinx\SDK\2015.2\gnuwin\bin;C:\Xilinx\SDK\2015.2\gnu\microblaze\nt\bin;C:\Xilinx\SDK\2015.2\gnu\microblaze\linux_toolchain\nt64_le\bin;C:\Xilinx\SDK\2015.2\gnu\microblaze\linux_toolchain\nt64_be\bin;C:\Xilinx\SDK\2015.2\gnu\arm\nt\bin;C:\Xilinx\SDK\2015.2\gnu\aarch64\nt\aarch64-none\bin;C:\Xilinx\SDK\2015.2\gnu\aarch64\nt\aarch64-linux\bin;C:\Xilinx\SDK\2015.2\gnu\armr5\nt\gcc-arm-none-eabi\bin;C:\Xilinx\SDK\2015.2\gnu\aarch32\nt\gcc-arm-none-eabi\bin;C:\Xilinx\SDK\2015.2\gnu\aarch32\nt\gcc-arm-linux-gnueabi\bin;C:\Xilinx\SDK\2015.2\bin;C:\Xilinx\SDK\2015.2\lib\win64.o;C:\Xilinx\SDK\2015.2\tps\win64\jre\bin\server;C:\Xilinx\SDK\2015.2\tps\win64\jre\bin;C:\Xilinx\SDK\2015.2\bin;C:\Xilinx\SDK\2015.2\bin;C:\Xilinx\Vivado\2015.2\ids_lite\ISE\bin\nt64;C:\Xilinx\Vivado\2015.2\ids_lite\ISE\lib\nt64;C:\Xilinx\Vivado\2015.2\bin;C:\Xilinx\Vivado\2015.2\lib\win64.o;C:\Xilinx\Vivado\2015.2\tps\win64\jre\bin\server;C:\Xilinx\Vivado\2015.2\tps\win64\jre\bin;C:\Xilinx\SDK\2015.2\bin;C:\Xilinx\Vivado\2015.2\ids_lite\ISE\bin\nt64;C:\Xilinx\Vivado\2015.2\ids_lite\ISE\lib\nt64;C:\Program Files (x86)\Common Files\Oracle\Java\javapath;C:\windows\system32;C:\windows;C:\windows\System32\Wbem;C:\windows\System32\WindowsPowerShell\v1.0\;C:\windows\System32\OpenSSH\;C:\Program Files (x86)\NVIDIA Corporation\PhysX\Common;C:\Program Files\Intel\WiFi\bin\;C:\Program Files\Common Files\Intel\WirelessCommon\;C:\Program Files\Git\cmd;C:\Program Files\MATLAB\R2018a\bin;C:\WINDOWS\system32;C:\WINDOWS;C:\WINDOWS\System32\Wbem;C:\WINDOWS\System32\WindowsPowerShell\v1.0\;C:\WINDOWS\System32\OpenSSH\;C:\Program Files\PuTTY\;C:\lscc\iCEcube2.2017.08\Aldec\Active-HDL\BIN;C:\Users\piotr\AppData\Local\Microsoft\WindowsApps;;c:\xup\embedded\2015_2_zynq_labs\FinalProject;
USERNAME=piotr
OS=Windows_NT
PROCESSOR_IDENTIFIER=Intel64 Family 6 Model 142 Stepping 11, GenuineIntel



---------------  S Y S T E M  ---------------

OS: Windows 8 , 64 bit Build 9200 

CPU:total 8 (4 cores per cpu, 2 threads per core) family 6 model 142 stepping 11, cmov, cx8, fxsr, mmx, sse, sse2, sse3, ssse3, sse4.1, sse4.2, popcnt, avx, avx2, aes, clmul, erms, lzcnt, ht, tsc, tscinvbit, bmi1, bmi2

Memory: 4k page, physical 16476616k(5580808k free), swap 22800736k(4411804k free)

vm_info: Java HotSpot(TM) 64-Bit Server VM (25.25-b02) for windows-amd64 JRE (1.8.0_25-b18), built on Oct  7 2014 14:25:37 by "java_re" with MS VC++ 10.0 (VS2010)

time: Tue Feb 18 14:13:04 2020
elapsed time: 1452 seconds (0d 0h 24m 12s)

